{"/home/sourei-pc/prog-mobile/ApplyApp/src/application/use-cases/AddExerciseToWorkout.ts": {"path":"/home/sourei-pc/prog-mobile/ApplyApp/src/application/use-cases/AddExerciseToWorkout.ts","statementMap":{"0":{"start":{"line":17,"column":28},"end":{"line":21,"column":6}},"1":{"start":{"line":23,"column":4},"end":{"line":23,"column":44}},"2":{"start":{"line":24,"column":4},"end":{"line":24,"column":27}}},"fnMap":{"0":{"name":"(anonymous_0)","decl":{"start":{"line":14,"column":2},"end":{"line":14,"column":3}},"loc":{"start":{"line":14,"column":58},"end":{"line":14,"column":60}},"line":14},"1":{"name":"(anonymous_1)","decl":{"start":{"line":16,"column":2},"end":{"line":16,"column":3}},"loc":{"start":{"line":16,"column":67},"end":{"line":25,"column":3}},"line":16}},"branchMap":{},"s":{"0":0,"1":0,"2":0},"f":{"0":0,"1":0},"b":{}}
,"/home/sourei-pc/prog-mobile/ApplyApp/src/application/use-cases/CloneWorkout.ts": {"path":"/home/sourei-pc/prog-mobile/ApplyApp/src/application/use-cases/CloneWorkout.ts","statementMap":{"0":{"start":{"line":14,"column":28},"end":{"line":14,"column":78}},"1":{"start":{"line":16,"column":23},"end":{"line":22,"column":6}},"2":{"start":{"line":24,"column":4},"end":{"line":24,"column":44}},"3":{"start":{"line":26,"column":4},"end":{"line":37,"column":5}},"4":{"start":{"line":27,"column":21},"end":{"line":35,"column":8}},"5":{"start":{"line":36,"column":6},"end":{"line":36,"column":37}},"6":{"start":{"line":39,"column":4},"end":{"line":39,"column":22}}},"fnMap":{"0":{"name":"(anonymous_0)","decl":{"start":{"line":8,"column":2},"end":{"line":8,"column":3}},"loc":{"start":{"line":11,"column":4},"end":{"line":11,"column":6}},"line":11},"1":{"name":"(anonymous_1)","decl":{"start":{"line":13,"column":2},"end":{"line":13,"column":3}},"loc":{"start":{"line":13,"column":75},"end":{"line":40,"column":3}},"line":13}},"branchMap":{},"s":{"0":0,"1":0,"2":0,"3":0,"4":0,"5":0,"6":0},"f":{"0":0,"1":0},"b":{}}
,"/home/sourei-pc/prog-mobile/ApplyApp/src/application/use-cases/CompleteWorkout.ts": {"path":"/home/sourei-pc/prog-mobile/ApplyApp/src/application/use-cases/CompleteWorkout.ts","statementMap":{"0":{"start":{"line":7,"column":20},"end":{"line":7,"column":62}},"1":{"start":{"line":8,"column":4},"end":{"line":8,"column":60}},"2":{"start":{"line":8,"column":18},"end":{"line":8,"column":60}},"3":{"start":{"line":10,"column":4},"end":{"line":10,"column":42}},"4":{"start":{"line":11,"column":4},"end":{"line":11,"column":43}}},"fnMap":{"0":{"name":"(anonymous_0)","decl":{"start":{"line":4,"column":2},"end":{"line":4,"column":3}},"loc":{"start":{"line":4,"column":55},"end":{"line":4,"column":57}},"line":4},"1":{"name":"(anonymous_1)","decl":{"start":{"line":6,"column":2},"end":{"line":6,"column":3}},"loc":{"start":{"line":6,"column":89},"end":{"line":12,"column":3}},"line":6}},"branchMap":{"0":{"loc":{"start":{"line":8,"column":4},"end":{"line":8,"column":60}},"type":"if","locations":[{"start":{"line":8,"column":4},"end":{"line":8,"column":60}},{"start":{},"end":{}}],"line":8}},"s":{"0":2,"1":2,"2":1,"3":1,"4":1},"f":{"0":2,"1":2},"b":{"0":[1,1]},"_coverageSchema":"1a1c01bbd47fc00a2c39e90264f33305004495a9","hash":"596e10915d5bc09547affa740cf8c296a560de20"}
,"/home/sourei-pc/prog-mobile/ApplyApp/src/application/use-cases/CreateWorkout.ts": {"path":"/home/sourei-pc/prog-mobile/ApplyApp/src/application/use-cases/CreateWorkout.ts","statementMap":{"0":{"start":{"line":9,"column":26},"end":{"line":9,"column":75}},"1":{"start":{"line":10,"column":4},"end":{"line":12,"column":5}},"2":{"start":{"line":11,"column":6},"end":{"line":11,"column":27}},"3":{"start":{"line":14,"column":23},"end":{"line":20,"column":6}},"4":{"start":{"line":22,"column":4},"end":{"line":22,"column":44}},"5":{"start":{"line":23,"column":4},"end":{"line":23,"column":22}}},"fnMap":{"0":{"name":"(anonymous_0)","decl":{"start":{"line":6,"column":2},"end":{"line":6,"column":3}},"loc":{"start":{"line":6,"column":55},"end":{"line":6,"column":57}},"line":6},"1":{"name":"(anonymous_1)","decl":{"start":{"line":8,"column":2},"end":{"line":8,"column":3}},"loc":{"start":{"line":8,"column":50},"end":{"line":24,"column":3}},"line":8}},"branchMap":{"0":{"loc":{"start":{"line":10,"column":4},"end":{"line":12,"column":5}},"type":"if","locations":[{"start":{"line":10,"column":4},"end":{"line":12,"column":5}},{"start":{},"end":{}}],"line":10}},"s":{"0":2,"1":2,"2":1,"3":1,"4":1,"5":1},"f":{"0":2,"1":2},"b":{"0":[1,1]},"_coverageSchema":"1a1c01bbd47fc00a2c39e90264f33305004495a9","hash":"915bcc6c812e849621184d8c82bd6aaff5f8d803"}
,"/home/sourei-pc/prog-mobile/ApplyApp/src/application/use-cases/GetUserProfile.ts": {"path":"/home/sourei-pc/prog-mobile/ApplyApp/src/application/use-cases/GetUserProfile.ts","statementMap":{"0":{"start":{"line":12,"column":18},"end":{"line":12,"column":59}},"1":{"start":{"line":13,"column":4},"end":{"line":13,"column":28}},"2":{"start":{"line":13,"column":15},"end":{"line":13,"column":28}},"3":{"start":{"line":16,"column":4},"end":{"line":24,"column":5}},"4":{"start":{"line":17,"column":21},"end":{"line":17,"column":63}},"5":{"start":{"line":18,"column":6},"end":{"line":21,"column":7}},"6":{"start":{"line":19,"column":8},"end":{"line":19,"column":42}},"7":{"start":{"line":20,"column":8},"end":{"line":20,"column":22}},"8":{"start":{"line":23,"column":6},"end":{"line":23,"column":66}},"9":{"start":{"line":26,"column":4},"end":{"line":26,"column":16}}},"fnMap":{"0":{"name":"(anonymous_0)","decl":{"start":{"line":5,"column":2},"end":{"line":5,"column":3}},"loc":{"start":{"line":8,"column":4},"end":{"line":8,"column":6}},"line":8},"1":{"name":"(anonymous_1)","decl":{"start":{"line":10,"column":2},"end":{"line":10,"column":3}},"loc":{"start":{"line":10,"column":61},"end":{"line":27,"column":3}},"line":10}},"branchMap":{"0":{"loc":{"start":{"line":13,"column":4},"end":{"line":13,"column":28}},"type":"if","locations":[{"start":{"line":13,"column":4},"end":{"line":13,"column":28}},{"start":{},"end":{}}],"line":13},"1":{"loc":{"start":{"line":18,"column":6},"end":{"line":21,"column":7}},"type":"if","locations":[{"start":{"line":18,"column":6},"end":{"line":21,"column":7}},{"start":{},"end":{}}],"line":18}},"s":{"0":3,"1":3,"2":1,"3":2,"4":2,"5":2,"6":1,"7":1,"8":0,"9":1},"f":{"0":3,"1":3},"b":{"0":[1,2],"1":[1,1]},"_coverageSchema":"1a1c01bbd47fc00a2c39e90264f33305004495a9","hash":"127e8f4538aa12aa58dec8fe941bae14505dc63d"}
,"/home/sourei-pc/prog-mobile/ApplyApp/src/application/use-cases/GetWeeklyWorkoutsSummary.ts": {"path":"/home/sourei-pc/prog-mobile/ApplyApp/src/application/use-cases/GetWeeklyWorkoutsSummary.ts","statementMap":{"0":{"start":{"line":20,"column":18},"end":{"line":20,"column":28}},"1":{"start":{"line":21,"column":22},"end":{"line":21,"column":37}},"2":{"start":{"line":22,"column":4},"end":{"line":22,"column":56}},"3":{"start":{"line":24,"column":21},"end":{"line":28,"column":5}},"4":{"start":{"line":30,"column":25},"end":{"line":30,"column":58}},"5":{"start":{"line":31,"column":24},"end":{"line":31,"column":65}},"6":{"start":{"line":31,"column":54},"end":{"line":31,"column":63}},"7":{"start":{"line":33,"column":42},"end":{"line":33,"column":44}},"8":{"start":{"line":34,"column":4},"end":{"line":46,"column":5}},"9":{"start":{"line":35,"column":31},"end":{"line":35,"column":76}},"10":{"start":{"line":36,"column":29},"end":{"line":36,"column":46}},"11":{"start":{"line":37,"column":6},"end":{"line":40,"column":7}},"12":{"start":{"line":38,"column":19},"end":{"line":38,"column":50}},"13":{"start":{"line":39,"column":8},"end":{"line":39,"column":52}},"14":{"start":{"line":39,"column":16},"end":{"line":39,"column":52}},"15":{"start":{"line":41,"column":6},"end":{"line":45,"column":9}},"16":{"start":{"line":48,"column":4},"end":{"line":48,"column":19}}},"fnMap":{"0":{"name":"(anonymous_0)","decl":{"start":{"line":13,"column":2},"end":{"line":13,"column":3}},"loc":{"start":{"line":17,"column":4},"end":{"line":17,"column":6}},"line":17},"1":{"name":"(anonymous_1)","decl":{"start":{"line":19,"column":2},"end":{"line":19,"column":3}},"loc":{"start":{"line":19,"column":63},"end":{"line":49,"column":3}},"line":19},"2":{"name":"(anonymous_2)","decl":{"start":{"line":31,"column":49},"end":{"line":31,"column":50}},"loc":{"start":{"line":31,"column":54},"end":{"line":31,"column":63}},"line":31}},"branchMap":{"0":{"loc":{"start":{"line":39,"column":8},"end":{"line":39,"column":52}},"type":"if","locations":[{"start":{"line":39,"column":8},"end":{"line":39,"column":52}},{"start":{},"end":{}}],"line":39}},"s":{"0":0,"1":0,"2":0,"3":0,"4":0,"5":0,"6":0,"7":0,"8":0,"9":0,"10":0,"11":0,"12":0,"13":0,"14":0,"15":0,"16":0},"f":{"0":0,"1":0,"2":0},"b":{"0":[0,0]}}
,"/home/sourei-pc/prog-mobile/ApplyApp/src/application/use-cases/RemoveExerciseFromWorkout.ts": {"path":"/home/sourei-pc/prog-mobile/ApplyApp/src/application/use-cases/RemoveExerciseFromWorkout.ts","statementMap":{"0":{"start":{"line":7,"column":4},"end":{"line":7,"column":48}}},"fnMap":{"0":{"name":"(anonymous_0)","decl":{"start":{"line":4,"column":2},"end":{"line":4,"column":3}},"loc":{"start":{"line":4,"column":58},"end":{"line":4,"column":60}},"line":4},"1":{"name":"(anonymous_1)","decl":{"start":{"line":6,"column":2},"end":{"line":6,"column":3}},"loc":{"start":{"line":6,"column":58},"end":{"line":8,"column":3}},"line":6}},"branchMap":{},"s":{"0":0},"f":{"0":0,"1":0},"b":{}}
,"/home/sourei-pc/prog-mobile/ApplyApp/src/application/use-cases/SyncExerciseList.ts": {"path":"/home/sourei-pc/prog-mobile/ApplyApp/src/application/use-cases/SyncExerciseList.ts","statementMap":{"0":{"start":{"line":10,"column":4},"end":{"line":18,"column":5}},"1":{"start":{"line":11,"column":30},"end":{"line":11,"column":61}},"2":{"start":{"line":12,"column":6},"end":{"line":14,"column":7}},"3":{"start":{"line":13,"column":8},"end":{"line":13,"column":54}},"4":{"start":{"line":16,"column":6},"end":{"line":16,"column":74}}},"fnMap":{"0":{"name":"(anonymous_0)","decl":{"start":{"line":4,"column":2},"end":{"line":4,"column":3}},"loc":{"start":{"line":7,"column":4},"end":{"line":7,"column":6}},"line":7},"1":{"name":"(anonymous_1)","decl":{"start":{"line":9,"column":2},"end":{"line":9,"column":3}},"loc":{"start":{"line":9,"column":33},"end":{"line":19,"column":3}},"line":9}},"branchMap":{"0":{"loc":{"start":{"line":12,"column":6},"end":{"line":14,"column":7}},"type":"if","locations":[{"start":{"line":12,"column":6},"end":{"line":14,"column":7}},{"start":{},"end":{}}],"line":12}},"s":{"0":3,"1":3,"2":2,"3":1,"4":1},"f":{"0":3,"1":3},"b":{"0":[1,1]},"_coverageSchema":"1a1c01bbd47fc00a2c39e90264f33305004495a9","hash":"cc09fc87150bd2bfc1e4abe078734db112488b0c"}
,"/home/sourei-pc/prog-mobile/ApplyApp/src/application/use-cases/SyncOrchestrator.ts": {"path":"/home/sourei-pc/prog-mobile/ApplyApp/src/application/use-cases/SyncOrchestrator.ts","statementMap":{"0":{"start":{"line":11,"column":4},"end":{"line":14,"column":7}}},"fnMap":{"0":{"name":"(anonymous_0)","decl":{"start":{"line":5,"column":2},"end":{"line":5,"column":3}},"loc":{"start":{"line":8,"column":4},"end":{"line":8,"column":6}},"line":8},"1":{"name":"(anonymous_1)","decl":{"start":{"line":10,"column":2},"end":{"line":10,"column":3}},"loc":{"start":{"line":10,"column":33},"end":{"line":15,"column":3}},"line":10}},"branchMap":{},"s":{"0":0},"f":{"0":0,"1":0},"b":{}}
,"/home/sourei-pc/prog-mobile/ApplyApp/src/application/use-cases/SyncWorkouts.ts": {"path":"/home/sourei-pc/prog-mobile/ApplyApp/src/application/use-cases/SyncWorkouts.ts","statementMap":{"0":{"start":{"line":13,"column":28},"end":{"line":13,"column":72}},"1":{"start":{"line":15,"column":4},"end":{"line":32,"column":5}},"2":{"start":{"line":16,"column":6},"end":{"line":31,"column":7}},"3":{"start":{"line":18,"column":8},"end":{"line":18,"column":51}},"4":{"start":{"line":21,"column":26},"end":{"line":21,"column":76}},"5":{"start":{"line":22,"column":8},"end":{"line":24,"column":9}},"6":{"start":{"line":23,"column":10},"end":{"line":23,"column":43}},"7":{"start":{"line":27,"column":8},"end":{"line":27,"column":29}},"8":{"start":{"line":28,"column":8},"end":{"line":28,"column":52}},"9":{"start":{"line":30,"column":8},"end":{"line":30,"column":75}}},"fnMap":{"0":{"name":"(anonymous_0)","decl":{"start":{"line":5,"column":2},"end":{"line":5,"column":3}},"loc":{"start":{"line":10,"column":4},"end":{"line":10,"column":6}},"line":10},"1":{"name":"(anonymous_1)","decl":{"start":{"line":12,"column":2},"end":{"line":12,"column":3}},"loc":{"start":{"line":12,"column":33},"end":{"line":33,"column":3}},"line":12}},"branchMap":{},"s":{"0":1,"1":1,"2":1,"3":1,"4":1,"5":1,"6":1,"7":1,"8":1,"9":0},"f":{"0":1,"1":1},"b":{},"_coverageSchema":"1a1c01bbd47fc00a2c39e90264f33305004495a9","hash":"0eb906bec9bdb5c856fbf8d39342a6d0e817bb0a"}
,"/home/sourei-pc/prog-mobile/ApplyApp/src/application/use-cases/UpdateUserAvatar.ts": {"path":"/home/sourei-pc/prog-mobile/ApplyApp/src/application/use-cases/UpdateUserAvatar.ts","statementMap":{"0":{"start":{"line":13,"column":20},"end":{"line":13,"column":61}},"1":{"start":{"line":14,"column":4},"end":{"line":14,"column":30}},"2":{"start":{"line":14,"column":18},"end":{"line":14,"column":30}},"3":{"start":{"line":18,"column":4},"end":{"line":18,"column":34}},"4":{"start":{"line":19,"column":4},"end":{"line":19,"column":50}},"5":{"start":{"line":20,"column":4},"end":{"line":20,"column":41}},"6":{"start":{"line":23,"column":22},"end":{"line":23,"column":76}},"7":{"start":{"line":25,"column":4},"end":{"line":39,"column":5}},"8":{"start":{"line":27,"column":6},"end":{"line":27,"column":37}},"9":{"start":{"line":28,"column":6},"end":{"line":28,"column":52}},"10":{"start":{"line":31,"column":6},"end":{"line":31,"column":43}},"11":{"start":{"line":32,"column":6},"end":{"line":36,"column":7}},"12":{"start":{"line":33,"column":8},"end":{"line":33,"column":46}},"13":{"start":{"line":38,"column":6},"end":{"line":38,"column":23}},"14":{"start":{"line":43,"column":4},"end":{"line":43,"column":20}}},"fnMap":{"0":{"name":"(anonymous_0)","decl":{"start":{"line":5,"column":2},"end":{"line":5,"column":3}},"loc":{"start":{"line":9,"column":4},"end":{"line":9,"column":6}},"line":9},"1":{"name":"(anonymous_1)","decl":{"start":{"line":11,"column":2},"end":{"line":11,"column":3}},"loc":{"start":{"line":11,"column":74},"end":{"line":44,"column":3}},"line":11}},"branchMap":{"0":{"loc":{"start":{"line":14,"column":4},"end":{"line":14,"column":30}},"type":"if","locations":[{"start":{"line":14,"column":4},"end":{"line":14,"column":30}},{"start":{},"end":{}}],"line":14},"1":{"loc":{"start":{"line":25,"column":4},"end":{"line":39,"column":5}},"type":"if","locations":[{"start":{"line":25,"column":4},"end":{"line":39,"column":5}},{"start":{},"end":{}}],"line":25}},"s":{"0":5,"1":5,"2":1,"3":4,"4":4,"5":4,"6":4,"7":4,"8":3,"9":3,"10":3,"11":3,"12":3,"13":3,"14":1},"f":{"0":5,"1":5},"b":{"0":[1,4],"1":[3,1]},"_coverageSchema":"1a1c01bbd47fc00a2c39e90264f33305004495a9","hash":"5cabbdc6c7a32a2ee0c51f2050566c1650d567b0"}
,"/home/sourei-pc/prog-mobile/ApplyApp/src/application/use-cases/UpdateWorkoutExercise.ts": {"path":"/home/sourei-pc/prog-mobile/ApplyApp/src/application/use-cases/UpdateWorkoutExercise.ts","statementMap":{"0":{"start":{"line":15,"column":15},"end":{"line":15,"column":51}},"1":{"start":{"line":16,"column":4},"end":{"line":16,"column":58}},"2":{"start":{"line":16,"column":13},"end":{"line":16,"column":58}},"3":{"start":{"line":17,"column":4},"end":{"line":17,"column":80}},"4":{"start":{"line":18,"column":4},"end":{"line":18,"column":33}}},"fnMap":{"0":{"name":"(anonymous_0)","decl":{"start":{"line":12,"column":2},"end":{"line":12,"column":3}},"loc":{"start":{"line":12,"column":58},"end":{"line":12,"column":60}},"line":12},"1":{"name":"(anonymous_1)","decl":{"start":{"line":14,"column":2},"end":{"line":14,"column":3}},"loc":{"start":{"line":14,"column":66},"end":{"line":19,"column":3}},"line":14}},"branchMap":{"0":{"loc":{"start":{"line":16,"column":4},"end":{"line":16,"column":58}},"type":"if","locations":[{"start":{"line":16,"column":4},"end":{"line":16,"column":58}},{"start":{},"end":{}}],"line":16}},"s":{"0":0,"1":0,"2":0,"3":0,"4":0},"f":{"0":0,"1":0},"b":{"0":[0,0]}}
,"/home/sourei-pc/prog-mobile/ApplyApp/src/domain/entities/Exercise.ts": {"path":"/home/sourei-pc/prog-mobile/ApplyApp/src/domain/entities/Exercise.ts","statementMap":{"0":{"start":{"line":12,"column":4},"end":{"line":14,"column":5}},"1":{"start":{"line":13,"column":6},"end":{"line":13,"column":60}},"2":{"start":{"line":15,"column":4},"end":{"line":17,"column":5}},"3":{"start":{"line":16,"column":6},"end":{"line":16,"column":57}},"4":{"start":{"line":18,"column":4},"end":{"line":18,"column":23}},"5":{"start":{"line":21,"column":13},"end":{"line":21,"column":34}},"6":{"start":{"line":22,"column":15},"end":{"line":22,"column":38}},"7":{"start":{"line":23,"column":23},"end":{"line":23,"column":54}},"8":{"start":{"line":24,"column":21},"end":{"line":24,"column":50}},"9":{"start":{"line":27,"column":4},"end":{"line":27,"column":29}}},"fnMap":{"0":{"name":"(anonymous_0)","decl":{"start":{"line":11,"column":2},"end":{"line":11,"column":3}},"loc":{"start":{"line":11,"column":36},"end":{"line":19,"column":3}},"line":11},"1":{"name":"(anonymous_1)","decl":{"start":{"line":21,"column":2},"end":{"line":21,"column":3}},"loc":{"start":{"line":21,"column":11},"end":{"line":21,"column":36}},"line":21},"2":{"name":"(anonymous_2)","decl":{"start":{"line":22,"column":2},"end":{"line":22,"column":3}},"loc":{"start":{"line":22,"column":13},"end":{"line":22,"column":40}},"line":22},"3":{"name":"(anonymous_3)","decl":{"start":{"line":23,"column":2},"end":{"line":23,"column":3}},"loc":{"start":{"line":23,"column":21},"end":{"line":23,"column":56}},"line":23},"4":{"name":"(anonymous_4)","decl":{"start":{"line":24,"column":2},"end":{"line":24,"column":3}},"loc":{"start":{"line":24,"column":19},"end":{"line":24,"column":52}},"line":24},"5":{"name":"(anonymous_5)","decl":{"start":{"line":26,"column":2},"end":{"line":26,"column":3}},"loc":{"start":{"line":26,"column":11},"end":{"line":28,"column":3}},"line":26}},"branchMap":{"0":{"loc":{"start":{"line":12,"column":4},"end":{"line":14,"column":5}},"type":"if","locations":[{"start":{"line":12,"column":4},"end":{"line":14,"column":5}},{"start":{},"end":{}}],"line":12},"1":{"loc":{"start":{"line":12,"column":8},"end":{"line":12,"column":47}},"type":"binary-expr","locations":[{"start":{"line":12,"column":8},"end":{"line":12,"column":19}},{"start":{"line":12,"column":23},"end":{"line":12,"column":47}}],"line":12},"2":{"loc":{"start":{"line":15,"column":4},"end":{"line":17,"column":5}},"type":"if","locations":[{"start":{"line":15,"column":4},"end":{"line":17,"column":5}},{"start":{},"end":{}}],"line":15},"3":{"loc":{"start":{"line":15,"column":8},"end":{"line":15,"column":63}},"type":"binary-expr","locations":[{"start":{"line":15,"column":8},"end":{"line":15,"column":27}},{"start":{"line":15,"column":31},"end":{"line":15,"column":63}}],"line":15}},"s":{"0":5,"1":1,"2":4,"3":1,"4":3,"5":1,"6":2,"7":2,"8":1,"9":0},"f":{"0":5,"1":1,"2":2,"3":2,"4":1,"5":0},"b":{"0":[1,4],"1":[5,4],"2":[1,3],"3":[4,4]},"_coverageSchema":"1a1c01bbd47fc00a2c39e90264f33305004495a9","hash":"316bd0c0e518bd5c290bf0691f2d7cb765ec03a9"}
,"/home/sourei-pc/prog-mobile/ApplyApp/src/domain/entities/UserProfile.ts": {"path":"/home/sourei-pc/prog-mobile/ApplyApp/src/domain/entities/UserProfile.ts","statementMap":{"0":{"start":{"line":17,"column":4},"end":{"line":19,"column":5}},"1":{"start":{"line":18,"column":6},"end":{"line":18,"column":64}},"2":{"start":{"line":20,"column":4},"end":{"line":20,"column":23}},"3":{"start":{"line":21,"column":4},"end":{"line":21,"column":34}},"4":{"start":{"line":22,"column":4},"end":{"line":22,"column":39}},"5":{"start":{"line":23,"column":4},"end":{"line":23,"column":67}},"6":{"start":{"line":24,"column":4},"end":{"line":24,"column":67}},"7":{"start":{"line":28,"column":4},"end":{"line":30,"column":5}},"8":{"start":{"line":29,"column":6},"end":{"line":29,"column":64}},"9":{"start":{"line":31,"column":4},"end":{"line":31,"column":31}},"10":{"start":{"line":32,"column":4},"end":{"line":32,"column":47}},"11":{"start":{"line":36,"column":4},"end":{"line":42,"column":6}}},"fnMap":{"0":{"name":"(anonymous_0)","decl":{"start":{"line":16,"column":2},"end":{"line":16,"column":3}},"loc":{"start":{"line":16,"column":39},"end":{"line":25,"column":3}},"line":16},"1":{"name":"(anonymous_1)","decl":{"start":{"line":27,"column":2},"end":{"line":27,"column":3}},"loc":{"start":{"line":27,"column":36},"end":{"line":33,"column":3}},"line":27},"2":{"name":"(anonymous_2)","decl":{"start":{"line":35,"column":2},"end":{"line":35,"column":3}},"loc":{"start":{"line":35,"column":29},"end":{"line":43,"column":3}},"line":35}},"branchMap":{"0":{"loc":{"start":{"line":17,"column":4},"end":{"line":19,"column":5}},"type":"if","locations":[{"start":{"line":17,"column":4},"end":{"line":19,"column":5}},{"start":{},"end":{}}],"line":17},"1":{"loc":{"start":{"line":17,"column":8},"end":{"line":17,"column":51}},"type":"binary-expr","locations":[{"start":{"line":17,"column":8},"end":{"line":17,"column":19}},{"start":{"line":17,"column":23},"end":{"line":17,"column":51}}],"line":17},"2":{"loc":{"start":{"line":23,"column":22},"end":{"line":23,"column":66}},"type":"binary-expr","locations":[{"start":{"line":23,"column":22},"end":{"line":23,"column":38}},{"start":{"line":23,"column":42},"end":{"line":23,"column":66}}],"line":23},"3":{"loc":{"start":{"line":24,"column":22},"end":{"line":24,"column":66}},"type":"binary-expr","locations":[{"start":{"line":24,"column":22},"end":{"line":24,"column":38}},{"start":{"line":24,"column":42},"end":{"line":24,"column":66}}],"line":24},"4":{"loc":{"start":{"line":28,"column":4},"end":{"line":30,"column":5}},"type":"if","locations":[{"start":{"line":28,"column":4},"end":{"line":30,"column":5}},{"start":{},"end":{}}],"line":28},"5":{"loc":{"start":{"line":28,"column":8},"end":{"line":28,"column":45}},"type":"binary-expr","locations":[{"start":{"line":28,"column":8},"end":{"line":28,"column":16}},{"start":{"line":28,"column":20},"end":{"line":28,"column":45}}],"line":28}},"s":{"0":12,"1":2,"2":10,"3":10,"4":10,"5":10,"6":10,"7":2,"8":1,"9":1,"10":1,"11":0},"f":{"0":12,"1":2,"2":0},"b":{"0":[2,10],"1":[12,11],"2":[10,10],"3":[10,10],"4":[1,1],"5":[2,2]},"_coverageSchema":"1a1c01bbd47fc00a2c39e90264f33305004495a9","hash":"fc76463c1fa1ceb80fa7fa85576ca4814736a264"}
,"/home/sourei-pc/prog-mobile/ApplyApp/src/domain/entities/Workout.ts": {"path":"/home/sourei-pc/prog-mobile/ApplyApp/src/domain/entities/Workout.ts","statementMap":{"0":{"start":{"line":27,"column":4},"end":{"line":27,"column":74}},"1":{"start":{"line":27,"column":24},"end":{"line":27,"column":74}},"2":{"start":{"line":28,"column":4},"end":{"line":32,"column":6}},"3":{"start":{"line":35,"column":13},"end":{"line":35,"column":34}},"4":{"start":{"line":36,"column":18},"end":{"line":36,"column":44}},"5":{"start":{"line":37,"column":15},"end":{"line":37,"column":38}},"6":{"start":{"line":38,"column":17},"end":{"line":38,"column":42}},"7":{"start":{"line":39,"column":22},"end":{"line":39,"column":52}},"8":{"start":{"line":40,"column":19},"end":{"line":40,"column":46}},"9":{"start":{"line":41,"column":20},"end":{"line":41,"column":48}},"10":{"start":{"line":44,"column":4},"end":{"line":44,"column":48}},"11":{"start":{"line":45,"column":4},"end":{"line":45,"column":35}},"12":{"start":{"line":46,"column":4},"end":{"line":46,"column":37}},"13":{"start":{"line":47,"column":4},"end":{"line":47,"column":53}},"14":{"start":{"line":51,"column":4},"end":{"line":51,"column":47}},"15":{"start":{"line":55,"column":4},"end":{"line":55,"column":29}}},"fnMap":{"0":{"name":"(anonymous_0)","decl":{"start":{"line":26,"column":2},"end":{"line":26,"column":3}},"loc":{"start":{"line":26,"column":35},"end":{"line":33,"column":3}},"line":26},"1":{"name":"(anonymous_1)","decl":{"start":{"line":35,"column":2},"end":{"line":35,"column":3}},"loc":{"start":{"line":35,"column":11},"end":{"line":35,"column":36}},"line":35},"2":{"name":"(anonymous_2)","decl":{"start":{"line":36,"column":2},"end":{"line":36,"column":3}},"loc":{"start":{"line":36,"column":16},"end":{"line":36,"column":46}},"line":36},"3":{"name":"(anonymous_3)","decl":{"start":{"line":37,"column":2},"end":{"line":37,"column":3}},"loc":{"start":{"line":37,"column":13},"end":{"line":37,"column":40}},"line":37},"4":{"name":"(anonymous_4)","decl":{"start":{"line":38,"column":2},"end":{"line":38,"column":3}},"loc":{"start":{"line":38,"column":15},"end":{"line":38,"column":44}},"line":38},"5":{"name":"(anonymous_5)","decl":{"start":{"line":39,"column":2},"end":{"line":39,"column":3}},"loc":{"start":{"line":39,"column":20},"end":{"line":39,"column":54}},"line":39},"6":{"name":"(anonymous_6)","decl":{"start":{"line":40,"column":2},"end":{"line":40,"column":3}},"loc":{"start":{"line":40,"column":17},"end":{"line":40,"column":48}},"line":40},"7":{"name":"(anonymous_7)","decl":{"start":{"line":41,"column":2},"end":{"line":41,"column":3}},"loc":{"start":{"line":41,"column":18},"end":{"line":41,"column":50}},"line":41},"8":{"name":"(anonymous_8)","decl":{"start":{"line":43,"column":2},"end":{"line":43,"column":3}},"loc":{"start":{"line":43,"column":50},"end":{"line":48,"column":3}},"line":43},"9":{"name":"(anonymous_9)","decl":{"start":{"line":50,"column":2},"end":{"line":50,"column":3}},"loc":{"start":{"line":50,"column":15},"end":{"line":52,"column":3}},"line":50},"10":{"name":"(anonymous_10)","decl":{"start":{"line":54,"column":2},"end":{"line":54,"column":3}},"loc":{"start":{"line":54,"column":11},"end":{"line":56,"column":3}},"line":54}},"branchMap":{"0":{"loc":{"start":{"line":27,"column":4},"end":{"line":27,"column":74}},"type":"if","locations":[{"start":{"line":27,"column":4},"end":{"line":27,"column":74}},{"start":{},"end":{}}],"line":27},"1":{"loc":{"start":{"line":30,"column":14},"end":{"line":30,"column":50}},"type":"binary-expr","locations":[{"start":{"line":30,"column":14},"end":{"line":30,"column":26}},{"start":{"line":30,"column":30},"end":{"line":30,"column":50}}],"line":30},"2":{"loc":{"start":{"line":31,"column":19},"end":{"line":31,"column":58}},"type":"binary-expr","locations":[{"start":{"line":31,"column":19},"end":{"line":31,"column":36}},{"start":{"line":31,"column":40},"end":{"line":31,"column":58}}],"line":31}},"s":{"0":8,"1":0,"2":8,"3":2,"4":1,"5":0,"6":4,"7":3,"8":2,"9":1,"10":2,"11":2,"12":2,"13":2,"14":2,"15":0},"f":{"0":8,"1":2,"2":1,"3":0,"4":4,"5":3,"6":2,"7":1,"8":2,"9":2,"10":0},"b":{"0":[0,8],"1":[8,0],"2":[8,0]},"_coverageSchema":"1a1c01bbd47fc00a2c39e90264f33305004495a9","hash":"d7d5987d90730ea53723312ba6bb484d25cf6fcc"}
,"/home/sourei-pc/prog-mobile/ApplyApp/src/domain/entities/WorkoutExercise.ts": {"path":"/home/sourei-pc/prog-mobile/ApplyApp/src/domain/entities/WorkoutExercise.ts","statementMap":{"0":{"start":{"line":22,"column":4},"end":{"line":22,"column":82}},"1":{"start":{"line":22,"column":25},"end":{"line":22,"column":82}},"2":{"start":{"line":23,"column":4},"end":{"line":23,"column":86}},"3":{"start":{"line":23,"column":25},"end":{"line":23,"column":86}},"4":{"start":{"line":24,"column":4},"end":{"line":24,"column":75}},"5":{"start":{"line":24,"column":26},"end":{"line":24,"column":75}},"6":{"start":{"line":26,"column":4},"end":{"line":29,"column":6}},"7":{"start":{"line":32,"column":13},"end":{"line":32,"column":34}},"8":{"start":{"line":33,"column":21},"end":{"line":33,"column":50}},"9":{"start":{"line":34,"column":22},"end":{"line":34,"column":52}},"10":{"start":{"line":35,"column":15},"end":{"line":35,"column":38}},"11":{"start":{"line":36,"column":15},"end":{"line":36,"column":38}},"12":{"start":{"line":37,"column":17},"end":{"line":37,"column":42}},"13":{"start":{"line":38,"column":20},"end":{"line":38,"column":48}},"14":{"start":{"line":39,"column":21},"end":{"line":39,"column":50}},"15":{"start":{"line":42,"column":4},"end":{"line":42,"column":37}},"16":{"start":{"line":43,"column":4},"end":{"line":43,"column":53}},"17":{"start":{"line":47,"column":4},"end":{"line":47,"column":76}},"18":{"start":{"line":47,"column":19},"end":{"line":47,"column":76}},"19":{"start":{"line":48,"column":4},"end":{"line":48,"column":80}},"20":{"start":{"line":48,"column":19},"end":{"line":48,"column":80}},"21":{"start":{"line":49,"column":4},"end":{"line":49,"column":69}},"22":{"start":{"line":49,"column":20},"end":{"line":49,"column":69}},"23":{"start":{"line":50,"column":4},"end":{"line":50,"column":27}},"24":{"start":{"line":51,"column":4},"end":{"line":51,"column":27}},"25":{"start":{"line":52,"column":4},"end":{"line":52,"column":31}},"26":{"start":{"line":53,"column":4},"end":{"line":53,"column":66}},"27":{"start":{"line":53,"column":33},"end":{"line":53,"column":66}},"28":{"start":{"line":57,"column":4},"end":{"line":57,"column":29}}},"fnMap":{"0":{"name":"(anonymous_0)","decl":{"start":{"line":21,"column":2},"end":{"line":21,"column":3}},"loc":{"start":{"line":21,"column":43},"end":{"line":30,"column":3}},"line":21},"1":{"name":"(anonymous_1)","decl":{"start":{"line":32,"column":2},"end":{"line":32,"column":3}},"loc":{"start":{"line":32,"column":11},"end":{"line":32,"column":36}},"line":32},"2":{"name":"(anonymous_2)","decl":{"start":{"line":33,"column":2},"end":{"line":33,"column":3}},"loc":{"start":{"line":33,"column":19},"end":{"line":33,"column":52}},"line":33},"3":{"name":"(anonymous_3)","decl":{"start":{"line":34,"column":2},"end":{"line":34,"column":3}},"loc":{"start":{"line":34,"column":20},"end":{"line":34,"column":54}},"line":34},"4":{"name":"(anonymous_4)","decl":{"start":{"line":35,"column":2},"end":{"line":35,"column":3}},"loc":{"start":{"line":35,"column":13},"end":{"line":35,"column":40}},"line":35},"5":{"name":"(anonymous_5)","decl":{"start":{"line":36,"column":2},"end":{"line":36,"column":3}},"loc":{"start":{"line":36,"column":13},"end":{"line":36,"column":40}},"line":36},"6":{"name":"(anonymous_6)","decl":{"start":{"line":37,"column":2},"end":{"line":37,"column":3}},"loc":{"start":{"line":37,"column":15},"end":{"line":37,"column":44}},"line":37},"7":{"name":"(anonymous_7)","decl":{"start":{"line":38,"column":2},"end":{"line":38,"column":3}},"loc":{"start":{"line":38,"column":18},"end":{"line":38,"column":50}},"line":38},"8":{"name":"(anonymous_8)","decl":{"start":{"line":39,"column":2},"end":{"line":39,"column":3}},"loc":{"start":{"line":39,"column":19},"end":{"line":39,"column":52}},"line":39},"9":{"name":"(anonymous_9)","decl":{"start":{"line":41,"column":2},"end":{"line":41,"column":3}},"loc":{"start":{"line":41,"column":38},"end":{"line":44,"column":3}},"line":41},"10":{"name":"(anonymous_10)","decl":{"start":{"line":46,"column":2},"end":{"line":46,"column":3}},"loc":{"start":{"line":46,"column":84},"end":{"line":54,"column":3}},"line":46},"11":{"name":"(anonymous_11)","decl":{"start":{"line":56,"column":2},"end":{"line":56,"column":3}},"loc":{"start":{"line":56,"column":11},"end":{"line":58,"column":3}},"line":56}},"branchMap":{"0":{"loc":{"start":{"line":22,"column":4},"end":{"line":22,"column":82}},"type":"if","locations":[{"start":{"line":22,"column":4},"end":{"line":22,"column":82}},{"start":{},"end":{}}],"line":22},"1":{"loc":{"start":{"line":23,"column":4},"end":{"line":23,"column":86}},"type":"if","locations":[{"start":{"line":23,"column":4},"end":{"line":23,"column":86}},{"start":{},"end":{}}],"line":23},"2":{"loc":{"start":{"line":24,"column":4},"end":{"line":24,"column":75}},"type":"if","locations":[{"start":{"line":24,"column":4},"end":{"line":24,"column":75}},{"start":{},"end":{}}],"line":24},"3":{"loc":{"start":{"line":28,"column":18},"end":{"line":28,"column":61}},"type":"binary-expr","locations":[{"start":{"line":28,"column":18},"end":{"line":28,"column":34}},{"start":{"line":28,"column":38},"end":{"line":28,"column":61}}],"line":28},"4":{"loc":{"start":{"line":47,"column":4},"end":{"line":47,"column":76}},"type":"if","locations":[{"start":{"line":47,"column":4},"end":{"line":47,"column":76}},{"start":{},"end":{}}],"line":47},"5":{"loc":{"start":{"line":48,"column":4},"end":{"line":48,"column":80}},"type":"if","locations":[{"start":{"line":48,"column":4},"end":{"line":48,"column":80}},{"start":{},"end":{}}],"line":48},"6":{"loc":{"start":{"line":49,"column":4},"end":{"line":49,"column":69}},"type":"if","locations":[{"start":{"line":49,"column":4},"end":{"line":49,"column":69}},{"start":{},"end":{}}],"line":49},"7":{"loc":{"start":{"line":53,"column":4},"end":{"line":53,"column":66}},"type":"if","locations":[{"start":{"line":53,"column":4},"end":{"line":53,"column":66}},{"start":{},"end":{}}],"line":53}},"s":{"0":5,"1":1,"2":4,"3":0,"4":4,"5":1,"6":3,"7":0,"8":0,"9":0,"10":1,"11":0,"12":1,"13":1,"14":2,"15":1,"16":1,"17":0,"18":0,"19":0,"20":0,"21":0,"22":0,"23":0,"24":0,"25":0,"26":0,"27":0,"28":0},"f":{"0":5,"1":0,"2":0,"3":0,"4":1,"5":0,"6":1,"7":1,"8":2,"9":1,"10":0,"11":0},"b":{"0":[1,4],"1":[0,4],"2":[1,3],"3":[3,0],"4":[0,0],"5":[0,0],"6":[0,0],"7":[0,0]},"_coverageSchema":"1a1c01bbd47fc00a2c39e90264f33305004495a9","hash":"c65274236a2873cf8314c5df0a07a8565635a7db"}
,"/home/sourei-pc/prog-mobile/ApplyApp/src/domain/repositories/IExerciseRepository.ts": {"path":"/home/sourei-pc/prog-mobile/ApplyApp/src/domain/repositories/IExerciseRepository.ts","statementMap":{},"fnMap":{},"branchMap":{},"s":{},"f":{},"b":{}}
,"/home/sourei-pc/prog-mobile/ApplyApp/src/domain/repositories/IUserProfileRepository.ts": {"path":"/home/sourei-pc/prog-mobile/ApplyApp/src/domain/repositories/IUserProfileRepository.ts","statementMap":{},"fnMap":{},"branchMap":{},"s":{},"f":{},"b":{}}
,"/home/sourei-pc/prog-mobile/ApplyApp/src/domain/repositories/IWorkoutExerciseRepository.ts": {"path":"/home/sourei-pc/prog-mobile/ApplyApp/src/domain/repositories/IWorkoutExerciseRepository.ts","statementMap":{},"fnMap":{},"branchMap":{},"s":{},"f":{},"b":{}}
,"/home/sourei-pc/prog-mobile/ApplyApp/src/domain/repositories/IWorkoutRepository.ts": {"path":"/home/sourei-pc/prog-mobile/ApplyApp/src/domain/repositories/IWorkoutRepository.ts","statementMap":{},"fnMap":{},"branchMap":{},"s":{},"f":{},"b":{}}
,"/home/sourei-pc/prog-mobile/ApplyApp/src/infrastructure/api/supabase.ts": {"path":"/home/sourei-pc/prog-mobile/ApplyApp/src/infrastructure/api/supabase.ts","statementMap":{"0":{"start":{"line":4,"column":20},"end":{"line":4,"column":62}},"1":{"start":{"line":5,"column":24},"end":{"line":5,"column":71}},"2":{"start":{"line":8,"column":2},"end":{"line":13,"column":3}},"3":{"start":{"line":9,"column":4},"end":{"line":9,"column":17}},"4":{"start":{"line":10,"column":4},"end":{"line":10,"column":16}},"5":{"start":{"line":12,"column":4},"end":{"line":12,"column":17}},"6":{"start":{"line":16,"column":36},"end":{"line":16,"column":59}},"7":{"start":{"line":18,"column":0},"end":{"line":23,"column":1}},"8":{"start":{"line":19,"column":2},"end":{"line":22,"column":4}},"9":{"start":{"line":25,"column":24},"end":{"line":28,"column":1}}},"fnMap":{"0":{"name":"isValidUrl","decl":{"start":{"line":7,"column":9},"end":{"line":7,"column":19}},"loc":{"start":{"line":7,"column":42},"end":{"line":14,"column":1}},"line":7}},"branchMap":{"0":{"loc":{"start":{"line":4,"column":20},"end":{"line":4,"column":62}},"type":"binary-expr","locations":[{"start":{"line":4,"column":20},"end":{"line":4,"column":56}},{"start":{"line":4,"column":60},"end":{"line":4,"column":62}}],"line":4},"1":{"loc":{"start":{"line":5,"column":24},"end":{"line":5,"column":71}},"type":"binary-expr","locations":[{"start":{"line":5,"column":24},"end":{"line":5,"column":65}},{"start":{"line":5,"column":69},"end":{"line":5,"column":71}}],"line":5},"2":{"loc":{"start":{"line":18,"column":0},"end":{"line":23,"column":1}},"type":"if","locations":[{"start":{"line":18,"column":0},"end":{"line":23,"column":1}},{"start":{},"end":{}}],"line":18},"3":{"loc":{"start":{"line":26,"column":2},"end":{"line":26,"column":72}},"type":"cond-expr","locations":[{"start":{"line":26,"column":25},"end":{"line":26,"column":36}},{"start":{"line":26,"column":39},"end":{"line":26,"column":72}}],"line":26},"4":{"loc":{"start":{"line":27,"column":2},"end":{"line":27,"column":56}},"type":"cond-expr","locations":[{"start":{"line":27,"column":25},"end":{"line":27,"column":40}},{"start":{"line":27,"column":43},"end":{"line":27,"column":56}}],"line":27}},"s":{"0":0,"1":0,"2":0,"3":0,"4":0,"5":0,"6":0,"7":0,"8":0,"9":0},"f":{"0":0},"b":{"0":[0,0],"1":[0,0],"2":[0,0],"3":[0,0],"4":[0,0]}}
,"/home/sourei-pc/prog-mobile/ApplyApp/src/infrastructure/database/sqlite.ts": {"path":"/home/sourei-pc/prog-mobile/ApplyApp/src/infrastructure/database/sqlite.ts","statementMap":{"0":{"start":{"line":3,"column":22},"end":{"line":3,"column":35}},"1":{"start":{"line":5,"column":40},"end":{"line":5,"column":44}},"2":{"start":{"line":8,"column":13},"end":{"line":8,"column":58}},"3":{"start":{"line":9,"column":2},"end":{"line":9,"column":11}},"4":{"start":{"line":12,"column":2},"end":{"line":12,"column":50}},"5":{"start":{"line":15,"column":2},"end":{"line":22,"column":5}},"6":{"start":{"line":25,"column":2},"end":{"line":37,"column":5}},"7":{"start":{"line":40,"column":2},"end":{"line":54,"column":5}},"8":{"start":{"line":57,"column":2},"end":{"line":65,"column":5}},"9":{"start":{"line":68,"column":21},"end":{"line":71,"column":3}},"10":{"start":{"line":72,"column":2},"end":{"line":78,"column":3}},"11":{"start":{"line":73,"column":4},"end":{"line":77,"column":5}},"12":{"start":{"line":74,"column":6},"end":{"line":74,"column":30}},"13":{"start":{"line":81,"column":2},"end":{"line":81,"column":76}},"14":{"start":{"line":82,"column":2},"end":{"line":82,"column":67}},"15":{"start":{"line":84,"column":2},"end":{"line":84,"column":12}},"16":{"start":{"line":88,"column":2},"end":{"line":88,"column":22}},"17":{"start":{"line":88,"column":11},"end":{"line":88,"column":22}},"18":{"start":{"line":90,"column":2},"end":{"line":90,"column":30}}},"fnMap":{"0":{"name":"initializeDatabase","decl":{"start":{"line":7,"column":22},"end":{"line":7,"column":40}},"loc":{"start":{"line":7,"column":43},"end":{"line":85,"column":1}},"line":7},"1":{"name":"getDatabase","decl":{"start":{"line":87,"column":22},"end":{"line":87,"column":33}},"loc":{"start":{"line":87,"column":68},"end":{"line":91,"column":1}},"line":87}},"branchMap":{"0":{"loc":{"start":{"line":88,"column":2},"end":{"line":88,"column":22}},"type":"if","locations":[{"start":{"line":88,"column":2},"end":{"line":88,"column":22}},{"start":{},"end":{}}],"line":88}},"s":{"0":2,"1":2,"2":2,"3":2,"4":2,"5":0,"6":0,"7":0,"8":0,"9":0,"10":0,"11":0,"12":0,"13":0,"14":0,"15":0,"16":4,"17":2,"18":2},"f":{"0":2,"1":4},"b":{"0":[2,2]},"_coverageSchema":"1a1c01bbd47fc00a2c39e90264f33305004495a9","hash":"e7cd0b7401a8319284f7933f6d84f28cf5a4685b"}
,"/home/sourei-pc/prog-mobile/ApplyApp/src/infrastructure/repositories/SQLiteExerciseRepository.ts": {"path":"/home/sourei-pc/prog-mobile/ApplyApp/src/infrastructure/repositories/SQLiteExerciseRepository.ts","statementMap":{"0":{"start":{"line":7,"column":15},"end":{"line":7,"column":34}},"1":{"start":{"line":8,"column":20},"end":{"line":8,"column":90}},"2":{"start":{"line":9,"column":4},"end":{"line":9,"column":49}},"3":{"start":{"line":9,"column":30},"end":{"line":9,"column":47}},"4":{"start":{"line":13,"column":15},"end":{"line":13,"column":34}},"5":{"start":{"line":14,"column":4},"end":{"line":19,"column":5}},"6":{"start":{"line":15,"column":6},"end":{"line":18,"column":8}},"7":{"start":{"line":23,"column":15},"end":{"line":23,"column":34}},"8":{"start":{"line":24,"column":16},"end":{"line":24,"column":89}},"9":{"start":{"line":25,"column":4},"end":{"line":25,"column":42}}},"fnMap":{"0":{"name":"(anonymous_0)","decl":{"start":{"line":6,"column":2},"end":{"line":6,"column":3}},"loc":{"start":{"line":6,"column":39},"end":{"line":10,"column":3}},"line":6},"1":{"name":"(anonymous_1)","decl":{"start":{"line":9,"column":23},"end":{"line":9,"column":24}},"loc":{"start":{"line":9,"column":30},"end":{"line":9,"column":47}},"line":9},"2":{"name":"(anonymous_2)","decl":{"start":{"line":12,"column":2},"end":{"line":12,"column":3}},"loc":{"start":{"line":12,"column":54},"end":{"line":20,"column":3}},"line":12},"3":{"name":"(anonymous_3)","decl":{"start":{"line":22,"column":2},"end":{"line":22,"column":3}},"loc":{"start":{"line":22,"column":55},"end":{"line":26,"column":3}},"line":22}},"branchMap":{"0":{"loc":{"start":{"line":17,"column":60},"end":{"line":17,"column":107}},"type":"binary-expr","locations":[{"start":{"line":17,"column":60},"end":{"line":17,"column":79}},{"start":{"line":17,"column":83},"end":{"line":17,"column":107}}],"line":17},"1":{"loc":{"start":{"line":25,"column":11},"end":{"line":25,"column":41}},"type":"cond-expr","locations":[{"start":{"line":25,"column":17},"end":{"line":25,"column":34}},{"start":{"line":25,"column":37},"end":{"line":25,"column":41}}],"line":25}},"s":{"0":1,"1":0,"2":0,"3":0,"4":1,"5":1,"6":1,"7":0,"8":0,"9":0},"f":{"0":1,"1":0,"2":1,"3":0},"b":{"0":[1,1],"1":[0,0]},"_coverageSchema":"1a1c01bbd47fc00a2c39e90264f33305004495a9","hash":"5f4f1565c4ae730ba3c0943934cfd5ce70883c1b"}
,"/home/sourei-pc/prog-mobile/ApplyApp/src/infrastructure/repositories/SQLiteUserProfileRepository.ts": {"path":"/home/sourei-pc/prog-mobile/ApplyApp/src/infrastructure/repositories/SQLiteUserProfileRepository.ts","statementMap":{"0":{"start":{"line":7,"column":15},"end":{"line":7,"column":34}},"1":{"start":{"line":8,"column":17},"end":{"line":8,"column":33}},"2":{"start":{"line":9,"column":4},"end":{"line":13,"column":6}},"3":{"start":{"line":17,"column":15},"end":{"line":17,"column":34}},"4":{"start":{"line":18,"column":16},"end":{"line":21,"column":5}},"5":{"start":{"line":22,"column":4},"end":{"line":22,"column":26}},"6":{"start":{"line":22,"column":14},"end":{"line":22,"column":26}},"7":{"start":{"line":23,"column":4},"end":{"line":23,"column":32}},"8":{"start":{"line":27,"column":15},"end":{"line":27,"column":34}},"9":{"start":{"line":28,"column":17},"end":{"line":28,"column":33}},"10":{"start":{"line":29,"column":4},"end":{"line":32,"column":6}}},"fnMap":{"0":{"name":"(anonymous_0)","decl":{"start":{"line":6,"column":2},"end":{"line":6,"column":3}},"loc":{"start":{"line":6,"column":50},"end":{"line":14,"column":3}},"line":6},"1":{"name":"(anonymous_1)","decl":{"start":{"line":16,"column":2},"end":{"line":16,"column":3}},"loc":{"start":{"line":16,"column":66},"end":{"line":24,"column":3}},"line":16},"2":{"name":"(anonymous_2)","decl":{"start":{"line":26,"column":2},"end":{"line":26,"column":3}},"loc":{"start":{"line":26,"column":52},"end":{"line":33,"column":3}},"line":26}},"branchMap":{"0":{"loc":{"start":{"line":12,"column":27},"end":{"line":12,"column":50}},"type":"binary-expr","locations":[{"start":{"line":12,"column":27},"end":{"line":12,"column":42}},{"start":{"line":12,"column":46},"end":{"line":12,"column":50}}],"line":12},"1":{"loc":{"start":{"line":12,"column":52},"end":{"line":12,"column":75}},"type":"binary-expr","locations":[{"start":{"line":12,"column":52},"end":{"line":12,"column":67}},{"start":{"line":12,"column":71},"end":{"line":12,"column":75}}],"line":12},"2":{"loc":{"start":{"line":12,"column":77},"end":{"line":12,"column":100}},"type":"binary-expr","locations":[{"start":{"line":12,"column":77},"end":{"line":12,"column":92}},{"start":{"line":12,"column":96},"end":{"line":12,"column":100}}],"line":12},"3":{"loc":{"start":{"line":22,"column":4},"end":{"line":22,"column":26}},"type":"if","locations":[{"start":{"line":22,"column":4},"end":{"line":22,"column":26}},{"start":{},"end":{}}],"line":22},"4":{"loc":{"start":{"line":31,"column":18},"end":{"line":31,"column":41}},"type":"binary-expr","locations":[{"start":{"line":31,"column":18},"end":{"line":31,"column":33}},{"start":{"line":31,"column":37},"end":{"line":31,"column":41}}],"line":31}},"s":{"0":0,"1":0,"2":0,"3":0,"4":0,"5":0,"6":0,"7":0,"8":0,"9":0,"10":0},"f":{"0":0,"1":0,"2":0},"b":{"0":[0,0],"1":[0,0],"2":[0,0],"3":[0,0],"4":[0,0]}}
,"/home/sourei-pc/prog-mobile/ApplyApp/src/infrastructure/repositories/SQLiteWorkoutExerciseRepository.ts": {"path":"/home/sourei-pc/prog-mobile/ApplyApp/src/infrastructure/repositories/SQLiteWorkoutExerciseRepository.ts","statementMap":{"0":{"start":{"line":7,"column":15},"end":{"line":7,"column":34}},"1":{"start":{"line":8,"column":17},"end":{"line":8,"column":28}},"2":{"start":{"line":9,"column":4},"end":{"line":12,"column":6}},"3":{"start":{"line":16,"column":15},"end":{"line":16,"column":34}},"4":{"start":{"line":17,"column":16},"end":{"line":20,"column":5}},"5":{"start":{"line":21,"column":4},"end":{"line":21,"column":49}},"6":{"start":{"line":25,"column":15},"end":{"line":25,"column":34}},"7":{"start":{"line":26,"column":17},"end":{"line":29,"column":5}},"8":{"start":{"line":30,"column":4},"end":{"line":30,"column":53}},"9":{"start":{"line":30,"column":27},"end":{"line":30,"column":51}},"10":{"start":{"line":34,"column":15},"end":{"line":34,"column":34}},"11":{"start":{"line":35,"column":4},"end":{"line":35,"column":74}},"12":{"start":{"line":39,"column":15},"end":{"line":39,"column":34}},"13":{"start":{"line":40,"column":17},"end":{"line":40,"column":132}},"14":{"start":{"line":41,"column":4},"end":{"line":41,"column":53}},"15":{"start":{"line":41,"column":27},"end":{"line":41,"column":51}},"16":{"start":{"line":45,"column":15},"end":{"line":45,"column":34}},"17":{"start":{"line":46,"column":17},"end":{"line":46,"column":28}},"18":{"start":{"line":47,"column":4},"end":{"line":50,"column":6}}},"fnMap":{"0":{"name":"(anonymous_0)","decl":{"start":{"line":6,"column":2},"end":{"line":6,"column":3}},"loc":{"start":{"line":6,"column":49},"end":{"line":13,"column":3}},"line":6},"1":{"name":"(anonymous_1)","decl":{"start":{"line":15,"column":2},"end":{"line":15,"column":3}},"loc":{"start":{"line":15,"column":62},"end":{"line":22,"column":3}},"line":15},"2":{"name":"(anonymous_2)","decl":{"start":{"line":24,"column":2},"end":{"line":24,"column":3}},"loc":{"start":{"line":24,"column":71},"end":{"line":31,"column":3}},"line":24},"3":{"name":"(anonymous_3)","decl":{"start":{"line":30,"column":20},"end":{"line":30,"column":21}},"loc":{"start":{"line":30,"column":27},"end":{"line":30,"column":51}},"line":30},"4":{"name":"(anonymous_4)","decl":{"start":{"line":33,"column":2},"end":{"line":33,"column":3}},"loc":{"start":{"line":33,"column":42},"end":{"line":36,"column":3}},"line":33},"5":{"name":"(anonymous_5)","decl":{"start":{"line":38,"column":2},"end":{"line":38,"column":3}},"loc":{"start":{"line":38,"column":58},"end":{"line":42,"column":3}},"line":38},"6":{"name":"(anonymous_6)","decl":{"start":{"line":41,"column":20},"end":{"line":41,"column":21}},"loc":{"start":{"line":41,"column":27},"end":{"line":41,"column":51}},"line":41},"7":{"name":"(anonymous_7)","decl":{"start":{"line":44,"column":2},"end":{"line":44,"column":3}},"loc":{"start":{"line":44,"column":51},"end":{"line":51,"column":3}},"line":44}},"branchMap":{"0":{"loc":{"start":{"line":11,"column":86},"end":{"line":11,"column":108}},"type":"binary-expr","locations":[{"start":{"line":11,"column":86},"end":{"line":11,"column":100}},{"start":{"line":11,"column":104},"end":{"line":11,"column":108}}],"line":11},"1":{"loc":{"start":{"line":21,"column":11},"end":{"line":21,"column":48}},"type":"cond-expr","locations":[{"start":{"line":21,"column":17},"end":{"line":21,"column":41}},{"start":{"line":21,"column":44},"end":{"line":21,"column":48}}],"line":21},"2":{"loc":{"start":{"line":49,"column":7},"end":{"line":49,"column":29}},"type":"binary-expr","locations":[{"start":{"line":49,"column":7},"end":{"line":49,"column":21}},{"start":{"line":49,"column":25},"end":{"line":49,"column":29}}],"line":49}},"s":{"0":0,"1":0,"2":0,"3":0,"4":0,"5":0,"6":0,"7":0,"8":0,"9":0,"10":0,"11":0,"12":0,"13":0,"14":0,"15":0,"16":0,"17":0,"18":0},"f":{"0":0,"1":0,"2":0,"3":0,"4":0,"5":0,"6":0,"7":0},"b":{"0":[0,0],"1":[0,0],"2":[0,0]}}
,"/home/sourei-pc/prog-mobile/ApplyApp/src/infrastructure/repositories/SQLiteWorkoutRepository.ts": {"path":"/home/sourei-pc/prog-mobile/ApplyApp/src/infrastructure/repositories/SQLiteWorkoutRepository.ts","statementMap":{"0":{"start":{"line":7,"column":15},"end":{"line":7,"column":34}},"1":{"start":{"line":8,"column":17},"end":{"line":8,"column":33}},"2":{"start":{"line":9,"column":4},"end":{"line":12,"column":6}},"3":{"start":{"line":16,"column":15},"end":{"line":16,"column":34}},"4":{"start":{"line":17,"column":17},"end":{"line":17,"column":33}},"5":{"start":{"line":18,"column":4},"end":{"line":21,"column":6}},"6":{"start":{"line":25,"column":15},"end":{"line":25,"column":34}},"7":{"start":{"line":26,"column":16},"end":{"line":26,"column":88}},"8":{"start":{"line":27,"column":4},"end":{"line":27,"column":41}},"9":{"start":{"line":31,"column":15},"end":{"line":31,"column":34}},"10":{"start":{"line":32,"column":16},"end":{"line":35,"column":5}},"11":{"start":{"line":36,"column":4},"end":{"line":36,"column":41}},"12":{"start":{"line":40,"column":15},"end":{"line":40,"column":34}},"13":{"start":{"line":41,"column":17},"end":{"line":44,"column":5}},"14":{"start":{"line":45,"column":4},"end":{"line":45,"column":45}},"15":{"start":{"line":45,"column":27},"end":{"line":45,"column":43}},"16":{"start":{"line":49,"column":15},"end":{"line":49,"column":34}},"17":{"start":{"line":50,"column":17},"end":{"line":50,"column":98}},"18":{"start":{"line":51,"column":4},"end":{"line":51,"column":45}},"19":{"start":{"line":51,"column":27},"end":{"line":51,"column":43}}},"fnMap":{"0":{"name":"(anonymous_0)","decl":{"start":{"line":6,"column":2},"end":{"line":6,"column":3}},"loc":{"start":{"line":6,"column":46},"end":{"line":13,"column":3}},"line":6},"1":{"name":"(anonymous_1)","decl":{"start":{"line":15,"column":2},"end":{"line":15,"column":3}},"loc":{"start":{"line":15,"column":48},"end":{"line":22,"column":3}},"line":15},"2":{"name":"(anonymous_2)","decl":{"start":{"line":24,"column":2},"end":{"line":24,"column":3}},"loc":{"start":{"line":24,"column":54},"end":{"line":28,"column":3}},"line":24},"3":{"name":"(anonymous_3)","decl":{"start":{"line":30,"column":2},"end":{"line":30,"column":3}},"loc":{"start":{"line":30,"column":68},"end":{"line":37,"column":3}},"line":30},"4":{"name":"(anonymous_4)","decl":{"start":{"line":39,"column":2},"end":{"line":39,"column":3}},"loc":{"start":{"line":39,"column":99},"end":{"line":46,"column":3}},"line":39},"5":{"name":"(anonymous_5)","decl":{"start":{"line":45,"column":20},"end":{"line":45,"column":21}},"loc":{"start":{"line":45,"column":27},"end":{"line":45,"column":43}},"line":45},"6":{"name":"(anonymous_6)","decl":{"start":{"line":48,"column":2},"end":{"line":48,"column":3}},"loc":{"start":{"line":48,"column":45},"end":{"line":52,"column":3}},"line":48},"7":{"name":"(anonymous_7)","decl":{"start":{"line":51,"column":20},"end":{"line":51,"column":21}},"loc":{"start":{"line":51,"column":27},"end":{"line":51,"column":43}},"line":51}},"branchMap":{"0":{"loc":{"start":{"line":11,"column":72},"end":{"line":11,"column":93}},"type":"binary-expr","locations":[{"start":{"line":11,"column":72},"end":{"line":11,"column":85}},{"start":{"line":11,"column":89},"end":{"line":11,"column":93}}],"line":11},"1":{"loc":{"start":{"line":11,"column":95},"end":{"line":11,"column":117}},"type":"binary-expr","locations":[{"start":{"line":11,"column":95},"end":{"line":11,"column":109}},{"start":{"line":11,"column":113},"end":{"line":11,"column":117}}],"line":11},"2":{"loc":{"start":{"line":20,"column":38},"end":{"line":20,"column":59}},"type":"binary-expr","locations":[{"start":{"line":20,"column":38},"end":{"line":20,"column":51}},{"start":{"line":20,"column":55},"end":{"line":20,"column":59}}],"line":20},"3":{"loc":{"start":{"line":20,"column":61},"end":{"line":20,"column":83}},"type":"binary-expr","locations":[{"start":{"line":20,"column":61},"end":{"line":20,"column":75}},{"start":{"line":20,"column":79},"end":{"line":20,"column":83}}],"line":20},"4":{"loc":{"start":{"line":27,"column":11},"end":{"line":27,"column":40}},"type":"cond-expr","locations":[{"start":{"line":27,"column":17},"end":{"line":27,"column":33}},{"start":{"line":27,"column":36},"end":{"line":27,"column":40}}],"line":27},"5":{"loc":{"start":{"line":36,"column":11},"end":{"line":36,"column":40}},"type":"cond-expr","locations":[{"start":{"line":36,"column":17},"end":{"line":36,"column":33}},{"start":{"line":36,"column":36},"end":{"line":36,"column":40}}],"line":36}},"s":{"0":1,"1":0,"2":0,"3":0,"4":0,"5":0,"6":0,"7":0,"8":0,"9":1,"10":1,"11":1,"12":0,"13":0,"14":0,"15":0,"16":0,"17":0,"18":0,"19":0},"f":{"0":1,"1":0,"2":0,"3":1,"4":0,"5":0,"6":0,"7":0},"b":{"0":[0,0],"1":[0,0],"2":[0,0],"3":[0,0],"4":[0,0],"5":[0,1]},"_coverageSchema":"1a1c01bbd47fc00a2c39e90264f33305004495a9","hash":"9fa0203f967342e9c0570b0bd941e58481f54272"}
,"/home/sourei-pc/prog-mobile/ApplyApp/src/infrastructure/repositories/SupabaseExerciseRepository.ts": {"path":"/home/sourei-pc/prog-mobile/ApplyApp/src/infrastructure/repositories/SupabaseExerciseRepository.ts","statementMap":{"0":{"start":{"line":7,"column":28},"end":{"line":7,"column":72}},"1":{"start":{"line":8,"column":4},"end":{"line":8,"column":87}},"2":{"start":{"line":8,"column":15},"end":{"line":8,"column":87}},"3":{"start":{"line":9,"column":4},"end":{"line":9,"column":54}},"4":{"start":{"line":9,"column":35},"end":{"line":9,"column":52}},"5":{"start":{"line":13,"column":4},"end":{"line":13,"column":98}},"6":{"start":{"line":17,"column":28},"end":{"line":17,"column":94}},"7":{"start":{"line":18,"column":4},"end":{"line":18,"column":27}},"8":{"start":{"line":18,"column":15},"end":{"line":18,"column":27}},"9":{"start":{"line":19,"column":4},"end":{"line":19,"column":30}}},"fnMap":{"0":{"name":"(anonymous_0)","decl":{"start":{"line":6,"column":2},"end":{"line":6,"column":3}},"loc":{"start":{"line":6,"column":39},"end":{"line":10,"column":3}},"line":6},"1":{"name":"(anonymous_1)","decl":{"start":{"line":9,"column":28},"end":{"line":9,"column":29}},"loc":{"start":{"line":9,"column":35},"end":{"line":9,"column":52}},"line":9},"2":{"name":"(anonymous_2)","decl":{"start":{"line":12,"column":2},"end":{"line":12,"column":3}},"loc":{"start":{"line":12,"column":54},"end":{"line":14,"column":3}},"line":12},"3":{"name":"(anonymous_3)","decl":{"start":{"line":16,"column":2},"end":{"line":16,"column":3}},"loc":{"start":{"line":16,"column":55},"end":{"line":20,"column":3}},"line":16}},"branchMap":{"0":{"loc":{"start":{"line":8,"column":4},"end":{"line":8,"column":87}},"type":"if","locations":[{"start":{"line":8,"column":4},"end":{"line":8,"column":87}},{"start":{},"end":{}}],"line":8},"1":{"loc":{"start":{"line":9,"column":12},"end":{"line":9,"column":22}},"type":"binary-expr","locations":[{"start":{"line":9,"column":12},"end":{"line":9,"column":16}},{"start":{"line":9,"column":20},"end":{"line":9,"column":22}}],"line":9},"2":{"loc":{"start":{"line":18,"column":4},"end":{"line":18,"column":27}},"type":"if","locations":[{"start":{"line":18,"column":4},"end":{"line":18,"column":27}},{"start":{},"end":{}}],"line":18}},"s":{"0":0,"1":0,"2":0,"3":0,"4":0,"5":0,"6":0,"7":0,"8":0,"9":0},"f":{"0":0,"1":0,"2":0,"3":0},"b":{"0":[0,0],"1":[0,0],"2":[0,0]}}
,"/home/sourei-pc/prog-mobile/ApplyApp/src/infrastructure/repositories/SupabaseUserProfileRepository.ts": {"path":"/home/sourei-pc/prog-mobile/ApplyApp/src/infrastructure/repositories/SupabaseUserProfileRepository.ts","statementMap":{"0":{"start":{"line":7,"column":17},"end":{"line":7,"column":33}},"1":{"start":{"line":8,"column":22},"end":{"line":13,"column":6}},"2":{"start":{"line":14,"column":4},"end":{"line":14,"column":86}},"3":{"start":{"line":14,"column":15},"end":{"line":14,"column":86}},"4":{"start":{"line":18,"column":28},"end":{"line":22,"column":15}},"5":{"start":{"line":23,"column":4},"end":{"line":23,"column":36}},"6":{"start":{"line":23,"column":24},"end":{"line":23,"column":36}},"7":{"start":{"line":24,"column":4},"end":{"line":24,"column":33}},"8":{"start":{"line":28,"column":4},"end":{"line":28,"column":30}}},"fnMap":{"0":{"name":"(anonymous_0)","decl":{"start":{"line":6,"column":2},"end":{"line":6,"column":3}},"loc":{"start":{"line":6,"column":50},"end":{"line":15,"column":3}},"line":6},"1":{"name":"(anonymous_1)","decl":{"start":{"line":17,"column":2},"end":{"line":17,"column":3}},"loc":{"start":{"line":17,"column":66},"end":{"line":25,"column":3}},"line":17},"2":{"name":"(anonymous_2)","decl":{"start":{"line":27,"column":2},"end":{"line":27,"column":3}},"loc":{"start":{"line":27,"column":52},"end":{"line":29,"column":3}},"line":27}},"branchMap":{"0":{"loc":{"start":{"line":11,"column":18},"end":{"line":11,"column":41}},"type":"binary-expr","locations":[{"start":{"line":11,"column":18},"end":{"line":11,"column":33}},{"start":{"line":11,"column":37},"end":{"line":11,"column":41}}],"line":11},"1":{"loc":{"start":{"line":14,"column":4},"end":{"line":14,"column":86}},"type":"if","locations":[{"start":{"line":14,"column":4},"end":{"line":14,"column":86}},{"start":{},"end":{}}],"line":14},"2":{"loc":{"start":{"line":23,"column":4},"end":{"line":23,"column":36}},"type":"if","locations":[{"start":{"line":23,"column":4},"end":{"line":23,"column":36}},{"start":{},"end":{}}],"line":23},"3":{"loc":{"start":{"line":23,"column":8},"end":{"line":23,"column":22}},"type":"binary-expr","locations":[{"start":{"line":23,"column":8},"end":{"line":23,"column":13}},{"start":{"line":23,"column":17},"end":{"line":23,"column":22}}],"line":23}},"s":{"0":0,"1":0,"2":0,"3":0,"4":0,"5":0,"6":0,"7":0,"8":0},"f":{"0":0,"1":0,"2":0},"b":{"0":[0,0],"1":[0,0],"2":[0,0],"3":[0,0]}}
,"/home/sourei-pc/prog-mobile/ApplyApp/src/infrastructure/repositories/SupabaseWorkoutExerciseRepository.ts": {"path":"/home/sourei-pc/prog-mobile/ApplyApp/src/infrastructure/repositories/SupabaseWorkoutExerciseRepository.ts","statementMap":{"0":{"start":{"line":7,"column":17},"end":{"line":7,"column":28}},"1":{"start":{"line":8,"column":22},"end":{"line":16,"column":6}},"2":{"start":{"line":17,"column":4},"end":{"line":17,"column":99}},"3":{"start":{"line":17,"column":15},"end":{"line":17,"column":99}},"4":{"start":{"line":21,"column":28},"end":{"line":25,"column":15}},"5":{"start":{"line":26,"column":4},"end":{"line":26,"column":36}},"6":{"start":{"line":26,"column":24},"end":{"line":26,"column":36}},"7":{"start":{"line":27,"column":4},"end":{"line":27,"column":37}},"8":{"start":{"line":31,"column":28},"end":{"line":35,"column":47}},"9":{"start":{"line":36,"column":4},"end":{"line":36,"column":88}},"10":{"start":{"line":36,"column":15},"end":{"line":36,"column":88}},"11":{"start":{"line":37,"column":4},"end":{"line":37,"column":61}},"12":{"start":{"line":37,"column":35},"end":{"line":37,"column":59}},"13":{"start":{"line":41,"column":22},"end":{"line":41,"column":84}},"14":{"start":{"line":42,"column":4},"end":{"line":42,"column":90}},"15":{"start":{"line":42,"column":15},"end":{"line":42,"column":90}},"16":{"start":{"line":46,"column":4},"end":{"line":46,"column":69}},"17":{"start":{"line":50,"column":4},"end":{"line":50,"column":25}}},"fnMap":{"0":{"name":"(anonymous_0)","decl":{"start":{"line":6,"column":2},"end":{"line":6,"column":3}},"loc":{"start":{"line":6,"column":49},"end":{"line":18,"column":3}},"line":6},"1":{"name":"(anonymous_1)","decl":{"start":{"line":20,"column":2},"end":{"line":20,"column":3}},"loc":{"start":{"line":20,"column":62},"end":{"line":28,"column":3}},"line":20},"2":{"name":"(anonymous_2)","decl":{"start":{"line":30,"column":2},"end":{"line":30,"column":3}},"loc":{"start":{"line":30,"column":71},"end":{"line":38,"column":3}},"line":30},"3":{"name":"(anonymous_3)","decl":{"start":{"line":37,"column":28},"end":{"line":37,"column":29}},"loc":{"start":{"line":37,"column":35},"end":{"line":37,"column":59}},"line":37},"4":{"name":"(anonymous_4)","decl":{"start":{"line":40,"column":2},"end":{"line":40,"column":3}},"loc":{"start":{"line":40,"column":42},"end":{"line":43,"column":3}},"line":40},"5":{"name":"(anonymous_5)","decl":{"start":{"line":45,"column":2},"end":{"line":45,"column":3}},"loc":{"start":{"line":45,"column":58},"end":{"line":47,"column":3}},"line":45},"6":{"name":"(anonymous_6)","decl":{"start":{"line":49,"column":2},"end":{"line":49,"column":3}},"loc":{"start":{"line":49,"column":51},"end":{"line":51,"column":3}},"line":49}},"branchMap":{"0":{"loc":{"start":{"line":17,"column":4},"end":{"line":17,"column":99}},"type":"if","locations":[{"start":{"line":17,"column":4},"end":{"line":17,"column":99}},{"start":{},"end":{}}],"line":17},"1":{"loc":{"start":{"line":26,"column":4},"end":{"line":26,"column":36}},"type":"if","locations":[{"start":{"line":26,"column":4},"end":{"line":26,"column":36}},{"start":{},"end":{}}],"line":26},"2":{"loc":{"start":{"line":26,"column":8},"end":{"line":26,"column":22}},"type":"binary-expr","locations":[{"start":{"line":26,"column":8},"end":{"line":26,"column":13}},{"start":{"line":26,"column":17},"end":{"line":26,"column":22}}],"line":26},"3":{"loc":{"start":{"line":36,"column":4},"end":{"line":36,"column":88}},"type":"if","locations":[{"start":{"line":36,"column":4},"end":{"line":36,"column":88}},{"start":{},"end":{}}],"line":36},"4":{"loc":{"start":{"line":37,"column":12},"end":{"line":37,"column":22}},"type":"binary-expr","locations":[{"start":{"line":37,"column":12},"end":{"line":37,"column":16}},{"start":{"line":37,"column":20},"end":{"line":37,"column":22}}],"line":37},"5":{"loc":{"start":{"line":42,"column":4},"end":{"line":42,"column":90}},"type":"if","locations":[{"start":{"line":42,"column":4},"end":{"line":42,"column":90}},{"start":{},"end":{}}],"line":42}},"s":{"0":0,"1":0,"2":0,"3":0,"4":0,"5":0,"6":0,"7":0,"8":0,"9":0,"10":0,"11":0,"12":0,"13":0,"14":0,"15":0,"16":0,"17":0},"f":{"0":0,"1":0,"2":0,"3":0,"4":0,"5":0,"6":0},"b":{"0":[0,0],"1":[0,0],"2":[0,0],"3":[0,0],"4":[0,0],"5":[0,0]}}
,"/home/sourei-pc/prog-mobile/ApplyApp/src/infrastructure/repositories/SupabaseWorkoutRepository.ts": {"path":"/home/sourei-pc/prog-mobile/ApplyApp/src/infrastructure/repositories/SupabaseWorkoutRepository.ts","statementMap":{"0":{"start":{"line":7,"column":17},"end":{"line":7,"column":33}},"1":{"start":{"line":8,"column":22},"end":{"line":16,"column":6}},"2":{"start":{"line":17,"column":4},"end":{"line":17,"column":86}},"3":{"start":{"line":17,"column":15},"end":{"line":17,"column":86}},"4":{"start":{"line":21,"column":4},"end":{"line":21,"column":30}},"5":{"start":{"line":25,"column":28},"end":{"line":25,"column":93}},"6":{"start":{"line":26,"column":4},"end":{"line":26,"column":27}},"7":{"start":{"line":26,"column":15},"end":{"line":26,"column":27}},"8":{"start":{"line":27,"column":4},"end":{"line":27,"column":29}},"9":{"start":{"line":31,"column":28},"end":{"line":38,"column":15}},"10":{"start":{"line":39,"column":4},"end":{"line":39,"column":27}},"11":{"start":{"line":39,"column":15},"end":{"line":39,"column":27}},"12":{"start":{"line":40,"column":4},"end":{"line":40,"column":29}},"13":{"start":{"line":44,"column":28},"end":{"line":50,"column":42}},"14":{"start":{"line":51,"column":4},"end":{"line":51,"column":84}},"15":{"start":{"line":51,"column":15},"end":{"line":51,"column":84}},"16":{"start":{"line":52,"column":4},"end":{"line":52,"column":53}},"17":{"start":{"line":52,"column":35},"end":{"line":52,"column":51}},"18":{"start":{"line":56,"column":4},"end":{"line":56,"column":69}}},"fnMap":{"0":{"name":"(anonymous_0)","decl":{"start":{"line":6,"column":2},"end":{"line":6,"column":3}},"loc":{"start":{"line":6,"column":46},"end":{"line":18,"column":3}},"line":6},"1":{"name":"(anonymous_1)","decl":{"start":{"line":20,"column":2},"end":{"line":20,"column":3}},"loc":{"start":{"line":20,"column":48},"end":{"line":22,"column":3}},"line":20},"2":{"name":"(anonymous_2)","decl":{"start":{"line":24,"column":2},"end":{"line":24,"column":3}},"loc":{"start":{"line":24,"column":54},"end":{"line":28,"column":3}},"line":24},"3":{"name":"(anonymous_3)","decl":{"start":{"line":30,"column":2},"end":{"line":30,"column":3}},"loc":{"start":{"line":30,"column":68},"end":{"line":41,"column":3}},"line":30},"4":{"name":"(anonymous_4)","decl":{"start":{"line":43,"column":2},"end":{"line":43,"column":3}},"loc":{"start":{"line":43,"column":99},"end":{"line":53,"column":3}},"line":43},"5":{"name":"(anonymous_5)","decl":{"start":{"line":52,"column":28},"end":{"line":52,"column":29}},"loc":{"start":{"line":52,"column":35},"end":{"line":52,"column":51}},"line":52},"6":{"name":"(anonymous_6)","decl":{"start":{"line":55,"column":2},"end":{"line":55,"column":3}},"loc":{"start":{"line":55,"column":45},"end":{"line":57,"column":3}},"line":55}},"branchMap":{"0":{"loc":{"start":{"line":17,"column":4},"end":{"line":17,"column":86}},"type":"if","locations":[{"start":{"line":17,"column":4},"end":{"line":17,"column":86}},{"start":{},"end":{}}],"line":17},"1":{"loc":{"start":{"line":26,"column":4},"end":{"line":26,"column":27}},"type":"if","locations":[{"start":{"line":26,"column":4},"end":{"line":26,"column":27}},{"start":{},"end":{}}],"line":26},"2":{"loc":{"start":{"line":39,"column":4},"end":{"line":39,"column":27}},"type":"if","locations":[{"start":{"line":39,"column":4},"end":{"line":39,"column":27}},{"start":{},"end":{}}],"line":39},"3":{"loc":{"start":{"line":51,"column":4},"end":{"line":51,"column":84}},"type":"if","locations":[{"start":{"line":51,"column":4},"end":{"line":51,"column":84}},{"start":{},"end":{}}],"line":51},"4":{"loc":{"start":{"line":52,"column":12},"end":{"line":52,"column":22}},"type":"binary-expr","locations":[{"start":{"line":52,"column":12},"end":{"line":52,"column":16}},{"start":{"line":52,"column":20},"end":{"line":52,"column":22}}],"line":52}},"s":{"0":0,"1":0,"2":0,"3":0,"4":0,"5":0,"6":0,"7":0,"8":0,"9":0,"10":0,"11":0,"12":0,"13":0,"14":0,"15":0,"16":0,"17":0,"18":0},"f":{"0":0,"1":0,"2":0,"3":0,"4":0,"5":0,"6":0},"b":{"0":[0,0],"1":[0,0],"2":[0,0],"3":[0,0],"4":[0,0]}}
,"/home/sourei-pc/prog-mobile/ApplyApp/src/infrastructure/services/LocationService.ts": {"path":"/home/sourei-pc/prog-mobile/ApplyApp/src/infrastructure/services/LocationService.ts","statementMap":{"0":{"start":{"line":9,"column":4},"end":{"line":31,"column":5}},"1":{"start":{"line":10,"column":6},"end":{"line":10,"column":53}},"2":{"start":{"line":11,"column":25},"end":{"line":11,"column":75}},"3":{"start":{"line":12,"column":6},"end":{"line":12,"column":61}},"4":{"start":{"line":13,"column":6},"end":{"line":16,"column":7}},"5":{"start":{"line":14,"column":8},"end":{"line":14,"column":51}},"6":{"start":{"line":15,"column":8},"end":{"line":15,"column":20}},"7":{"start":{"line":18,"column":6},"end":{"line":18,"column":52}},"8":{"start":{"line":19,"column":23},"end":{"line":21,"column":8}},"9":{"start":{"line":22,"column":6},"end":{"line":22,"column":101}},"10":{"start":{"line":24,"column":6},"end":{"line":27,"column":8}},"11":{"start":{"line":29,"column":6},"end":{"line":29,"column":68}},"12":{"start":{"line":30,"column":6},"end":{"line":30,"column":18}}},"fnMap":{"0":{"name":"(anonymous_0)","decl":{"start":{"line":8,"column":2},"end":{"line":8,"column":3}},"loc":{"start":{"line":8,"column":86},"end":{"line":32,"column":3}},"line":8}},"branchMap":{"0":{"loc":{"start":{"line":13,"column":6},"end":{"line":16,"column":7}},"type":"if","locations":[{"start":{"line":13,"column":6},"end":{"line":16,"column":7}},{"start":{},"end":{}}],"line":13}},"s":{"0":0,"1":0,"2":0,"3":0,"4":0,"5":0,"6":0,"7":0,"8":0,"9":0,"10":0,"11":0,"12":0},"f":{"0":0},"b":{"0":[0,0]}}
,"/home/sourei-pc/prog-mobile/ApplyApp/src/infrastructure/services/MediaService.ts": {"path":"/home/sourei-pc/prog-mobile/ApplyApp/src/infrastructure/services/MediaService.ts","statementMap":{"0":{"start":{"line":13,"column":21},"end":{"line":13,"column":40}},"1":{"start":{"line":14,"column":17},"end":{"line":14,"column":61}},"2":{"start":{"line":15,"column":4},"end":{"line":15,"column":56}},"3":{"start":{"line":16,"column":4},"end":{"line":16,"column":16}},"4":{"start":{"line":20,"column":4},"end":{"line":41,"column":5}},"5":{"start":{"line":21,"column":21},"end":{"line":23,"column":8}},"6":{"start":{"line":25,"column":30},"end":{"line":29,"column":10}},"7":{"start":{"line":31,"column":6},"end":{"line":31,"column":29}},"8":{"start":{"line":31,"column":17},"end":{"line":31,"column":29}},"9":{"start":{"line":33,"column":38},"end":{"line":35,"column":32}},"10":{"start":{"line":37,"column":6},"end":{"line":37,"column":23}},"11":{"start":{"line":39,"column":6},"end":{"line":39,"column":62}},"12":{"start":{"line":40,"column":6},"end":{"line":40,"column":18}},"13":{"start":{"line":45,"column":4},"end":{"line":70,"column":5}},"14":{"start":{"line":46,"column":21},"end":{"line":48,"column":8}},"15":{"start":{"line":50,"column":19},"end":{"line":50,"column":41}},"16":{"start":{"line":52,"column":30},"end":{"line":57,"column":10}},"17":{"start":{"line":59,"column":6},"end":{"line":59,"column":29}},"18":{"start":{"line":59,"column":17},"end":{"line":59,"column":29}},"19":{"start":{"line":61,"column":38},"end":{"line":63,"column":32}},"20":{"start":{"line":66,"column":6},"end":{"line":66,"column":44}},"21":{"start":{"line":68,"column":6},"end":{"line":68,"column":56}},"22":{"start":{"line":69,"column":6},"end":{"line":69,"column":18}}},"fnMap":{"0":{"name":"(anonymous_0)","decl":{"start":{"line":12,"column":2},"end":{"line":12,"column":3}},"loc":{"start":{"line":12,"column":48},"end":{"line":17,"column":3}},"line":12},"1":{"name":"(anonymous_1)","decl":{"start":{"line":19,"column":2},"end":{"line":19,"column":3}},"loc":{"start":{"line":19,"column":85},"end":{"line":42,"column":3}},"line":19},"2":{"name":"(anonymous_2)","decl":{"start":{"line":44,"column":2},"end":{"line":44,"column":3}},"loc":{"start":{"line":44,"column":79},"end":{"line":71,"column":3}},"line":44}},"branchMap":{"0":{"loc":{"start":{"line":31,"column":6},"end":{"line":31,"column":29}},"type":"if","locations":[{"start":{"line":31,"column":6},"end":{"line":31,"column":29}},{"start":{},"end":{}}],"line":31},"1":{"loc":{"start":{"line":59,"column":6},"end":{"line":59,"column":29}},"type":"if","locations":[{"start":{"line":59,"column":6},"end":{"line":59,"column":29}},{"start":{},"end":{}}],"line":59}},"s":{"0":0,"1":0,"2":0,"3":0,"4":0,"5":0,"6":0,"7":0,"8":0,"9":0,"10":0,"11":0,"12":0,"13":3,"14":3,"15":3,"16":3,"17":3,"18":1,"19":2,"20":2,"21":1,"22":1},"f":{"0":0,"1":0,"2":3},"b":{"0":[0,0],"1":[1,2]},"_coverageSchema":"1a1c01bbd47fc00a2c39e90264f33305004495a9","hash":"49a0dbc389b88df2f8abcb558e976276d723efa4"}
,"/home/sourei-pc/prog-mobile/ApplyApp/src/infrastructure/utils/generateUUID.ts": {"path":"/home/sourei-pc/prog-mobile/ApplyApp/src/infrastructure/utils/generateUUID.ts","statementMap":{"0":{"start":{"line":5,"column":2},"end":{"line":9,"column":5}},"1":{"start":{"line":6,"column":14},"end":{"line":6,"column":38}},"2":{"start":{"line":7,"column":14},"end":{"line":7,"column":45}},"3":{"start":{"line":8,"column":4},"end":{"line":8,"column":26}}},"fnMap":{"0":{"name":"generateUUID","decl":{"start":{"line":4,"column":16},"end":{"line":4,"column":28}},"loc":{"start":{"line":4,"column":39},"end":{"line":10,"column":1}},"line":4},"1":{"name":"(anonymous_1)","decl":{"start":{"line":5,"column":65},"end":{"line":5,"column":66}},"loc":{"start":{"line":5,"column":72},"end":{"line":9,"column":3}},"line":5}},"branchMap":{"0":{"loc":{"start":{"line":7,"column":14},"end":{"line":7,"column":45}},"type":"cond-expr","locations":[{"start":{"line":7,"column":26},"end":{"line":7,"column":27}},{"start":{"line":7,"column":30},"end":{"line":7,"column":45}}],"line":7}},"s":{"0":1,"1":31,"2":31,"3":31},"f":{"0":1,"1":31},"b":{"0":[30,1]},"_coverageSchema":"1a1c01bbd47fc00a2c39e90264f33305004495a9","hash":"94512d60bd69887625d5e8997427a65d00cf0b32"}
,"/home/sourei-pc/prog-mobile/ApplyApp/src/presentation/components/AvatarPicker.tsx": {"path":"/home/sourei-pc/prog-mobile/ApplyApp/src/presentation/components/AvatarPicker.tsx","statementMap":{"0":{"start":{"line":27,"column":44},"end":{"line":27,"column":59}},"1":{"start":{"line":30,"column":95},"end":{"line":33,"column":5}},"2":{"start":{"line":35,"column":4},"end":{"line":41,"column":5}},"3":{"start":{"line":36,"column":6},"end":{"line":40,"column":9}},"4":{"start":{"line":39,"column":23},"end":{"line":39,"column":35}},"5":{"start":{"line":43,"column":4},"end":{"line":43,"column":75}},"6":{"start":{"line":45,"column":4},"end":{"line":45,"column":64}},"7":{"start":{"line":49,"column":4},"end":{"line":49,"column":27}},"8":{"start":{"line":53,"column":23},"end":{"line":53,"column":78}},"9":{"start":{"line":54,"column":4},"end":{"line":61,"column":5}},"10":{"start":{"line":55,"column":6},"end":{"line":59,"column":8}},"11":{"start":{"line":60,"column":6},"end":{"line":60,"column":13}},"12":{"start":{"line":63,"column":19},"end":{"line":68,"column":6}},"13":{"start":{"line":70,"column":4},"end":{"line":72,"column":5}},"14":{"start":{"line":71,"column":6},"end":{"line":71,"column":44}},"15":{"start":{"line":76,"column":4},"end":{"line":76,"column":28}},"16":{"start":{"line":77,"column":4},"end":{"line":77,"column":25}},"17":{"start":{"line":80,"column":2},"end":{"line":128,"column":4}},"18":{"start":{"line":124,"column":23},"end":{"line":124,"column":46}},"19":{"start":{"line":131,"column":15},"end":{"line":172,"column":2}}},"fnMap":{"0":{"name":"AvatarPicker","decl":{"start":{"line":21,"column":16},"end":{"line":21,"column":28}},"loc":{"start":{"line":26,"column":22},"end":{"line":129,"column":1}},"line":26},"1":{"name":"showOptions","decl":{"start":{"line":29,"column":11},"end":{"line":29,"column":22}},"loc":{"start":{"line":29,"column":25},"end":{"line":46,"column":3}},"line":29},"2":{"name":"(anonymous_2)","decl":{"start":{"line":39,"column":17},"end":{"line":39,"column":18}},"loc":{"start":{"line":39,"column":23},"end":{"line":39,"column":35}},"line":39},"3":{"name":"(anonymous_3)","decl":{"start":{"line":43,"column":46},"end":{"line":43,"column":47}},"loc":{"start":{"line":43,"column":52},"end":{"line":43,"column":54}},"line":43},"4":{"name":"openCamera","decl":{"start":{"line":48,"column":11},"end":{"line":48,"column":21}},"loc":{"start":{"line":48,"column":24},"end":{"line":50,"column":3}},"line":48},"5":{"name":"openGallery","decl":{"start":{"line":52,"column":17},"end":{"line":52,"column":28}},"loc":{"start":{"line":52,"column":31},"end":{"line":73,"column":3}},"line":52},"6":{"name":"handleCapture","decl":{"start":{"line":75,"column":11},"end":{"line":75,"column":24}},"loc":{"start":{"line":75,"column":38},"end":{"line":78,"column":3}},"line":75},"7":{"name":"(anonymous_7)","decl":{"start":{"line":124,"column":17},"end":{"line":124,"column":18}},"loc":{"start":{"line":124,"column":23},"end":{"line":124,"column":46}},"line":124}},"branchMap":{"0":{"loc":{"start":{"line":35,"column":4},"end":{"line":41,"column":5}},"type":"if","locations":[{"start":{"line":35,"column":4},"end":{"line":41,"column":5}},{"start":{},"end":{}}],"line":35},"1":{"loc":{"start":{"line":54,"column":4},"end":{"line":61,"column":5}},"type":"if","locations":[{"start":{"line":54,"column":4},"end":{"line":61,"column":5}},{"start":{},"end":{}}],"line":54},"2":{"loc":{"start":{"line":70,"column":4},"end":{"line":72,"column":5}},"type":"if","locations":[{"start":{"line":70,"column":4},"end":{"line":72,"column":5}},{"start":{},"end":{}}],"line":70},"3":{"loc":{"start":{"line":70,"column":8},"end":{"line":70,"column":44}},"type":"binary-expr","locations":[{"start":{"line":70,"column":8},"end":{"line":70,"column":24}},{"start":{"line":70,"column":28},"end":{"line":70,"column":44}}],"line":70},"4":{"loc":{"start":{"line":91,"column":11},"end":{"line":104,"column":11}},"type":"cond-expr","locations":[{"start":{"line":92,"column":12},"end":{"line":96,"column":14}},{"start":{"line":98,"column":12},"end":{"line":103,"column":14}}],"line":91},"5":{"loc":{"start":{"line":108,"column":9},"end":{"line":112,"column":9}},"type":"binary-expr","locations":[{"start":{"line":108,"column":9},"end":{"line":108,"column":18}},{"start":{"line":109,"column":10},"end":{"line":111,"column":17}}],"line":108},"6":{"loc":{"start":{"line":115,"column":9},"end":{"line":119,"column":9}},"type":"binary-expr","locations":[{"start":{"line":115,"column":9},"end":{"line":115,"column":19}},{"start":{"line":116,"column":10},"end":{"line":118,"column":17}}],"line":115}},"s":{"0":9,"1":5,"2":5,"3":1,"4":0,"5":5,"6":5,"7":0,"8":2,"9":2,"10":1,"11":1,"12":1,"13":1,"14":1,"15":0,"16":0,"17":9,"18":0,"19":1},"f":{"0":9,"1":5,"2":0,"3":0,"4":0,"5":2,"6":0,"7":0},"b":{"0":[1,4],"1":[1,1],"2":[1,0],"3":[1,1],"4":[2,7],"5":[9,2],"6":[9,7]},"_coverageSchema":"1a1c01bbd47fc00a2c39e90264f33305004495a9","hash":"e844abb9a7687f0f422575665367030ff5de3f43"}
,"/home/sourei-pc/prog-mobile/ApplyApp/src/presentation/components/CameraModal.tsx": {"path":"/home/sourei-pc/prog-mobile/ApplyApp/src/presentation/components/CameraModal.tsx","statementMap":{"0":{"start":{"line":13,"column":42},"end":{"line":13,"column":64}},"1":{"start":{"line":14,"column":30},"end":{"line":14,"column":64}},"2":{"start":{"line":15,"column":20},"end":{"line":15,"column":44}},"3":{"start":{"line":17,"column":2},"end":{"line":17,"column":31}},"4":{"start":{"line":17,"column":19},"end":{"line":17,"column":31}},"5":{"start":{"line":20,"column":4},"end":{"line":23,"column":5}},"6":{"start":{"line":21,"column":20},"end":{"line":21,"column":62}},"7":{"start":{"line":22,"column":6},"end":{"line":22,"column":38}},"8":{"start":{"line":22,"column":17},"end":{"line":22,"column":38}},"9":{"start":{"line":26,"column":2},"end":{"line":57,"column":4}},"10":{"start":{"line":46,"column":29},"end":{"line":46,"column":80}},"11":{"start":{"line":46,"column":47},"end":{"line":46,"column":78}},"12":{"start":{"line":60,"column":15},"end":{"line":105,"column":2}}},"fnMap":{"0":{"name":"CameraModal","decl":{"start":{"line":12,"column":16},"end":{"line":12,"column":27}},"loc":{"start":{"line":12,"column":79},"end":{"line":58,"column":1}},"line":12},"1":{"name":"handleCapture","decl":{"start":{"line":19,"column":17},"end":{"line":19,"column":30}},"loc":{"start":{"line":19,"column":33},"end":{"line":24,"column":3}},"line":19},"2":{"name":"(anonymous_2)","decl":{"start":{"line":46,"column":23},"end":{"line":46,"column":24}},"loc":{"start":{"line":46,"column":29},"end":{"line":46,"column":80}},"line":46},"3":{"name":"(anonymous_3)","decl":{"start":{"line":46,"column":39},"end":{"line":46,"column":40}},"loc":{"start":{"line":46,"column":47},"end":{"line":46,"column":78}},"line":46}},"branchMap":{"0":{"loc":{"start":{"line":17,"column":2},"end":{"line":17,"column":31}},"type":"if","locations":[{"start":{"line":17,"column":2},"end":{"line":17,"column":31}},{"start":{},"end":{}}],"line":17},"1":{"loc":{"start":{"line":20,"column":4},"end":{"line":23,"column":5}},"type":"if","locations":[{"start":{"line":20,"column":4},"end":{"line":23,"column":5}},{"start":{},"end":{}}],"line":20},"2":{"loc":{"start":{"line":22,"column":6},"end":{"line":22,"column":38}},"type":"if","locations":[{"start":{"line":22,"column":6},"end":{"line":22,"column":38}},{"start":{},"end":{}}],"line":22},"3":{"loc":{"start":{"line":28,"column":7},"end":{"line":55,"column":7}},"type":"cond-expr","locations":[{"start":{"line":29,"column":8},"end":{"line":37,"column":15}},{"start":{"line":39,"column":8},"end":{"line":54,"column":21}}],"line":28},"4":{"loc":{"start":{"line":46,"column":47},"end":{"line":46,"column":78}},"type":"cond-expr","locations":[{"start":{"line":46,"column":62},"end":{"line":46,"column":69}},{"start":{"line":46,"column":72},"end":{"line":46,"column":78}}],"line":46}},"s":{"0":9,"1":9,"2":9,"3":9,"4":0,"5":0,"6":0,"7":0,"8":0,"9":9,"10":0,"11":0,"12":1},"f":{"0":9,"1":0,"2":0,"3":0},"b":{"0":[0,9],"1":[0,0],"2":[0,0],"3":[9,0],"4":[0,0]},"_coverageSchema":"1a1c01bbd47fc00a2c39e90264f33305004495a9","hash":"6c94c89168c413d82a0bf55a97febce2a24fb8fa"}
,"/home/sourei-pc/prog-mobile/ApplyApp/src/presentation/components/StepperInput.tsx": {"path":"/home/sourei-pc/prog-mobile/ApplyApp/src/presentation/components/StepperInput.tsx","statementMap":{"0":{"start":{"line":15,"column":32},"end":{"line":15,"column":47}},"1":{"start":{"line":16,"column":36},"end":{"line":16,"column":59}},"2":{"start":{"line":19,"column":17},"end":{"line":19,"column":69}},"3":{"start":{"line":20,"column":4},"end":{"line":20,"column":19}},"4":{"start":{"line":24,"column":17},"end":{"line":24,"column":69}},"5":{"start":{"line":25,"column":4},"end":{"line":25,"column":19}},"6":{"start":{"line":29,"column":19},"end":{"line":29,"column":40}},"7":{"start":{"line":30,"column":4},"end":{"line":34,"column":5}},"8":{"start":{"line":31,"column":6},"end":{"line":31,"column":53}},"9":{"start":{"line":33,"column":6},"end":{"line":33,"column":34}},"10":{"start":{"line":35,"column":4},"end":{"line":35,"column":22}},"11":{"start":{"line":38,"column":2},"end":{"line":67,"column":4}},"12":{"start":{"line":57,"column":69},"end":{"line":57,"column":97}},"13":{"start":{"line":57,"column":98},"end":{"line":57,"column":115}},"14":{"start":{"line":70,"column":15},"end":{"line":106,"column":2}}},"fnMap":{"0":{"name":"StepperInput","decl":{"start":{"line":14,"column":16},"end":{"line":14,"column":28}},"loc":{"start":{"line":14,"column":113},"end":{"line":68,"column":1}},"line":14},"1":{"name":"decrement","decl":{"start":{"line":18,"column":11},"end":{"line":18,"column":20}},"loc":{"start":{"line":18,"column":23},"end":{"line":21,"column":3}},"line":18},"2":{"name":"increment","decl":{"start":{"line":23,"column":11},"end":{"line":23,"column":20}},"loc":{"start":{"line":23,"column":23},"end":{"line":26,"column":3}},"line":23},"3":{"name":"handleEditEnd","decl":{"start":{"line":28,"column":11},"end":{"line":28,"column":24}},"loc":{"start":{"line":28,"column":27},"end":{"line":36,"column":3}},"line":28},"4":{"name":"(anonymous_4)","decl":{"start":{"line":57,"column":61},"end":{"line":57,"column":62}},"loc":{"start":{"line":57,"column":67},"end":{"line":57,"column":117}},"line":57}},"branchMap":{"0":{"loc":{"start":{"line":14,"column":45},"end":{"line":14,"column":53}},"type":"default-arg","locations":[{"start":{"line":14,"column":52},"end":{"line":14,"column":53}}],"line":14},"1":{"loc":{"start":{"line":14,"column":55},"end":{"line":14,"column":62}},"type":"default-arg","locations":[{"start":{"line":14,"column":61},"end":{"line":14,"column":62}}],"line":14},"2":{"loc":{"start":{"line":14,"column":64},"end":{"line":14,"column":74}},"type":"default-arg","locations":[{"start":{"line":14,"column":70},"end":{"line":14,"column":74}}],"line":14},"3":{"loc":{"start":{"line":30,"column":4},"end":{"line":34,"column":5}},"type":"if","locations":[{"start":{"line":30,"column":4},"end":{"line":34,"column":5}},{"start":{"line":32,"column":11},"end":{"line":34,"column":5}}],"line":30},"4":{"loc":{"start":{"line":46,"column":9},"end":{"line":60,"column":9}},"type":"cond-expr","locations":[{"start":{"line":47,"column":10},"end":{"line":55,"column":12}},{"start":{"line":57,"column":10},"end":{"line":59,"column":29}}],"line":46},"5":{"loc":{"start":{"line":58,"column":51},"end":{"line":58,"column":73}},"type":"cond-expr","locations":[{"start":{"line":58,"column":58},"end":{"line":58,"column":68}},{"start":{"line":58,"column":71},"end":{"line":58,"column":73}}],"line":58}},"s":{"0":0,"1":0,"2":0,"3":0,"4":0,"5":0,"6":0,"7":0,"8":0,"9":0,"10":0,"11":0,"12":0,"13":0,"14":0},"f":{"0":0,"1":0,"2":0,"3":0,"4":0},"b":{"0":[0],"1":[0],"2":[0],"3":[0,0],"4":[0,0],"5":[0,0]}}
,"/home/sourei-pc/prog-mobile/ApplyApp/src/presentation/contexts/DIContext.tsx": {"path":"/home/sourei-pc/prog-mobile/ApplyApp/src/presentation/contexts/DIContext.tsx","statementMap":{"0":{"start":{"line":66,"column":22},"end":{"line":66,"column":51}},"1":{"start":{"line":67,"column":30},"end":{"line":67,"column":67}},"2":{"start":{"line":68,"column":23},"end":{"line":68,"column":53}},"3":{"start":{"line":69,"column":26},"end":{"line":69,"column":59}},"4":{"start":{"line":72,"column":28},"end":{"line":72,"column":59}},"5":{"start":{"line":73,"column":36},"end":{"line":73,"column":75}},"6":{"start":{"line":74,"column":29},"end":{"line":74,"column":61}},"7":{"start":{"line":75,"column":32},"end":{"line":75,"column":67}},"8":{"start":{"line":78,"column":23},"end":{"line":78,"column":41}},"9":{"start":{"line":79,"column":26},"end":{"line":79,"column":47}},"10":{"start":{"line":82,"column":24},"end":{"line":82,"column":54}},"11":{"start":{"line":83,"column":26},"end":{"line":83,"column":58}},"12":{"start":{"line":84,"column":31},"end":{"line":84,"column":76}},"13":{"start":{"line":85,"column":36},"end":{"line":85,"column":86}},"14":{"start":{"line":86,"column":32},"end":{"line":86,"column":78}},"15":{"start":{"line":87,"column":23},"end":{"line":87,"column":73}},"16":{"start":{"line":88,"column":25},"end":{"line":88,"column":83}},"17":{"start":{"line":89,"column":27},"end":{"line":89,"column":101}},"18":{"start":{"line":90,"column":35},"end":{"line":90,"column":111}},"19":{"start":{"line":92,"column":23},"end":{"line":92,"column":119}},"20":{"start":{"line":93,"column":24},"end":{"line":93,"column":78}},"21":{"start":{"line":94,"column":27},"end":{"line":94,"column":76}},"22":{"start":{"line":96,"column":2},"end":{"line":117,"column":4}},"23":{"start":{"line":120,"column":18},"end":{"line":120,"column":57}},"24":{"start":{"line":123,"column":20},"end":{"line":123,"column":56}},"25":{"start":{"line":123,"column":34},"end":{"line":123,"column":51}},"26":{"start":{"line":124,"column":2},"end":{"line":124,"column":79}},"27":{"start":{"line":128,"column":14},"end":{"line":128,"column":35}},"28":{"start":{"line":129,"column":2},"end":{"line":129,"column":68}},"29":{"start":{"line":129,"column":12},"end":{"line":129,"column":68}},"30":{"start":{"line":130,"column":2},"end":{"line":130,"column":13}}},"fnMap":{"0":{"name":"createContainer","decl":{"start":{"line":64,"column":9},"end":{"line":64,"column":24}},"loc":{"start":{"line":64,"column":40},"end":{"line":118,"column":1}},"line":64},"1":{"name":"DIProvider","decl":{"start":{"line":122,"column":16},"end":{"line":122,"column":26}},"loc":{"start":{"line":122,"column":72},"end":{"line":125,"column":1}},"line":122},"2":{"name":"(anonymous_2)","decl":{"start":{"line":123,"column":28},"end":{"line":123,"column":29}},"loc":{"start":{"line":123,"column":34},"end":{"line":123,"column":51}},"line":123},"3":{"name":"useDI","decl":{"start":{"line":127,"column":16},"end":{"line":127,"column":21}},"loc":{"start":{"line":127,"column":37},"end":{"line":131,"column":1}},"line":127}},"branchMap":{"0":{"loc":{"start":{"line":129,"column":2},"end":{"line":129,"column":68}},"type":"if","locations":[{"start":{"line":129,"column":2},"end":{"line":129,"column":68}},{"start":{},"end":{}}],"line":129}},"s":{"0":0,"1":0,"2":0,"3":0,"4":0,"5":0,"6":0,"7":0,"8":0,"9":0,"10":0,"11":0,"12":0,"13":0,"14":0,"15":0,"16":0,"17":0,"18":0,"19":0,"20":0,"21":0,"22":0,"23":0,"24":0,"25":0,"26":0,"27":0,"28":0,"29":0,"30":0},"f":{"0":0,"1":0,"2":0,"3":0},"b":{"0":[0,0]}}
,"/home/sourei-pc/prog-mobile/ApplyApp/src/presentation/hooks/useSyncWorker.ts": {"path":"/home/sourei-pc/prog-mobile/ApplyApp/src/presentation/hooks/useSyncWorker.ts","statementMap":{"0":{"start":{"line":5,"column":25},"end":{"line":5,"column":31}},"1":{"start":{"line":11,"column":19},"end":{"line":11,"column":70}},"2":{"start":{"line":12,"column":19},"end":{"line":12,"column":32}},"3":{"start":{"line":14,"column":2},"end":{"line":37,"column":34}},"4":{"start":{"line":15,"column":4},"end":{"line":15,"column":25}},"5":{"start":{"line":15,"column":18},"end":{"line":15,"column":25}},"6":{"start":{"line":18,"column":6},"end":{"line":18,"column":36}},"7":{"start":{"line":18,"column":29},"end":{"line":18,"column":36}},"8":{"start":{"line":19,"column":6},"end":{"line":23,"column":7}},"9":{"start":{"line":20,"column":8},"end":{"line":20,"column":41}},"10":{"start":{"line":22,"column":8},"end":{"line":22,"column":69}},"11":{"start":{"line":26,"column":24},"end":{"line":29,"column":6}},"12":{"start":{"line":27,"column":6},"end":{"line":27,"column":76}},"13":{"start":{"line":28,"column":6},"end":{"line":28,"column":38}},"14":{"start":{"line":28,"column":28},"end":{"line":28,"column":38}},"15":{"start":{"line":31,"column":4},"end":{"line":31,"column":62}},"16":{"start":{"line":33,"column":4},"end":{"line":36,"column":6}},"17":{"start":{"line":34,"column":6},"end":{"line":34,"column":20}},"18":{"start":{"line":35,"column":6},"end":{"line":35,"column":60}},"19":{"start":{"line":35,"column":28},"end":{"line":35,"column":60}}},"fnMap":{"0":{"name":"useSyncWorker","decl":{"start":{"line":7,"column":16},"end":{"line":7,"column":29}},"loc":{"start":{"line":10,"column":2},"end":{"line":38,"column":1}},"line":10},"1":{"name":"(anonymous_1)","decl":{"start":{"line":14,"column":12},"end":{"line":14,"column":13}},"loc":{"start":{"line":14,"column":18},"end":{"line":37,"column":3}},"line":14},"2":{"name":"runSync","decl":{"start":{"line":17,"column":19},"end":{"line":17,"column":26}},"loc":{"start":{"line":17,"column":29},"end":{"line":24,"column":5}},"line":17},"3":{"name":"(anonymous_3)","decl":{"start":{"line":26,"column":49},"end":{"line":26,"column":50}},"loc":{"start":{"line":26,"column":60},"end":{"line":29,"column":5}},"line":26},"4":{"name":"(anonymous_4)","decl":{"start":{"line":33,"column":11},"end":{"line":33,"column":12}},"loc":{"start":{"line":33,"column":17},"end":{"line":36,"column":5}},"line":33}},"branchMap":{"0":{"loc":{"start":{"line":15,"column":4},"end":{"line":15,"column":25}},"type":"if","locations":[{"start":{"line":15,"column":4},"end":{"line":15,"column":25}},{"start":{},"end":{}}],"line":15},"1":{"loc":{"start":{"line":18,"column":6},"end":{"line":18,"column":36}},"type":"if","locations":[{"start":{"line":18,"column":6},"end":{"line":18,"column":36}},{"start":{},"end":{}}],"line":18},"2":{"loc":{"start":{"line":27,"column":28},"end":{"line":27,"column":74}},"type":"binary-expr","locations":[{"start":{"line":27,"column":28},"end":{"line":27,"column":45}},{"start":{"line":27,"column":49},"end":{"line":27,"column":74}}],"line":27},"3":{"loc":{"start":{"line":28,"column":6},"end":{"line":28,"column":38}},"type":"if","locations":[{"start":{"line":28,"column":6},"end":{"line":28,"column":38}},{"start":{},"end":{}}],"line":28},"4":{"loc":{"start":{"line":35,"column":6},"end":{"line":35,"column":60}},"type":"if","locations":[{"start":{"line":35,"column":6},"end":{"line":35,"column":60}},{"start":{},"end":{}}],"line":35}},"s":{"0":0,"1":0,"2":0,"3":0,"4":0,"5":0,"6":0,"7":0,"8":0,"9":0,"10":0,"11":0,"12":0,"13":0,"14":0,"15":0,"16":0,"17":0,"18":0,"19":0},"f":{"0":0,"1":0,"2":0,"3":0,"4":0},"b":{"0":[0,0],"1":[0,0],"2":[0,0],"3":[0,0],"4":[0,0]}}
}
