TN:
SF:src/application/use-cases/AddExerciseToWorkout.ts
FN:14,(anonymous_0)
FN:16,(anonymous_1)
FNF:2
FNH:0
FNDA:0,(anonymous_0)
FNDA:0,(anonymous_1)
DA:17,0
DA:23,0
DA:24,0
LF:3
LH:0
BRF:0
BRH:0
end_of_record
TN:
SF:src/application/use-cases/CloneWorkout.ts
FN:8,(anonymous_0)
FN:13,(anonymous_1)
FNF:2
FNH:0
FNDA:0,(anonymous_0)
FNDA:0,(anonymous_1)
DA:14,0
DA:16,0
DA:24,0
DA:26,0
DA:27,0
DA:36,0
DA:39,0
LF:7
LH:0
BRF:0
BRH:0
end_of_record
TN:
SF:src/application/use-cases/CompleteWorkout.ts
FN:4,(anonymous_0)
FN:6,(anonymous_1)
FNF:2
FNH:2
FNDA:2,(anonymous_0)
FNDA:2,(anonymous_1)
DA:7,2
DA:8,2
DA:10,1
DA:11,1
LF:4
LH:4
BRDA:8,0,0,1
BRDA:8,0,1,1
BRF:2
BRH:2
end_of_record
TN:
SF:src/application/use-cases/CreateWorkout.ts
FN:6,(anonymous_0)
FN:8,(anonymous_1)
FNF:2
FNH:2
FNDA:2,(anonymous_0)
FNDA:2,(anonymous_1)
DA:9,2
DA:10,2
DA:11,1
DA:14,1
DA:22,1
DA:23,1
LF:6
LH:6
BRDA:10,0,0,1
BRDA:10,0,1,1
BRF:2
BRH:2
end_of_record
TN:
SF:src/application/use-cases/GetUserProfile.ts
FN:5,(anonymous_0)
FN:10,(anonymous_1)
FNF:2
FNH:2
FNDA:3,(anonymous_0)
FNDA:3,(anonymous_1)
DA:12,3
DA:13,3
DA:16,2
DA:17,2
DA:18,2
DA:19,1
DA:20,1
DA:23,0
DA:26,1
LF:9
LH:8
BRDA:13,0,0,1
BRDA:13,0,1,2
BRDA:18,1,0,1
BRDA:18,1,1,1
BRF:4
BRH:4
end_of_record
TN:
SF:src/application/use-cases/GetWeeklyWorkoutsSummary.ts
FN:13,(anonymous_0)
FN:19,(anonymous_1)
FN:31,(anonymous_2)
FNF:3
FNH:0
FNDA:0,(anonymous_0)
FNDA:0,(anonymous_1)
FNDA:0,(anonymous_2)
DA:20,0
DA:21,0
DA:22,0
DA:24,0
DA:30,0
DA:31,0
DA:33,0
DA:34,0
DA:35,0
DA:36,0
DA:37,0
DA:38,0
DA:39,0
DA:41,0
DA:48,0
LF:15
LH:0
BRDA:39,0,0,0
BRDA:39,0,1,0
BRF:2
BRH:0
end_of_record
TN:
SF:src/application/use-cases/RemoveExerciseFromWorkout.ts
FN:4,(anonymous_0)
FN:6,(anonymous_1)
FNF:2
FNH:0
FNDA:0,(anonymous_0)
FNDA:0,(anonymous_1)
DA:7,0
LF:1
LH:0
BRF:0
BRH:0
end_of_record
TN:
SF:src/application/use-cases/SyncExerciseList.ts
FN:4,(anonymous_0)
FN:9,(anonymous_1)
FNF:2
FNH:2
FNDA:3,(anonymous_0)
FNDA:3,(anonymous_1)
DA:10,3
DA:11,3
DA:12,2
DA:13,1
DA:16,1
LF:5
LH:5
BRDA:12,0,0,1
BRDA:12,0,1,1
BRF:2
BRH:2
end_of_record
TN:
SF:src/application/use-cases/SyncOrchestrator.ts
FN:5,(anonymous_0)
FN:10,(anonymous_1)
FNF:2
FNH:0
FNDA:0,(anonymous_0)
FNDA:0,(anonymous_1)
DA:11,0
LF:1
LH:0
BRF:0
BRH:0
end_of_record
TN:
SF:src/application/use-cases/SyncWorkouts.ts
FN:5,(anonymous_0)
FN:12,(anonymous_1)
FNF:2
FNH:2
FNDA:1,(anonymous_0)
FNDA:1,(anonymous_1)
DA:13,1
DA:15,1
DA:16,1
DA:18,1
DA:21,1
DA:22,1
DA:23,1
DA:27,1
DA:28,1
DA:30,0
LF:10
LH:9
BRF:0
BRH:0
end_of_record
TN:
SF:src/application/use-cases/UpdateUserAvatar.ts
FN:5,(anonymous_0)
FN:11,(anonymous_1)
FNF:2
FNH:2
FNDA:5,(anonymous_0)
FNDA:5,(anonymous_1)
DA:13,5
DA:14,5
DA:18,4
DA:19,4
DA:20,4
DA:23,4
DA:25,4
DA:27,3
DA:28,3
DA:31,3
DA:32,3
DA:33,3
DA:38,3
DA:43,1
LF:14
LH:14
BRDA:14,0,0,1
BRDA:14,0,1,4
BRDA:25,1,0,3
BRDA:25,1,1,1
BRF:4
BRH:4
end_of_record
TN:
SF:src/application/use-cases/UpdateWorkoutExercise.ts
FN:12,(anonymous_0)
FN:14,(anonymous_1)
FNF:2
FNH:0
FNDA:0,(anonymous_0)
FNDA:0,(anonymous_1)
DA:15,0
DA:16,0
DA:17,0
DA:18,0
LF:4
LH:0
BRDA:16,0,0,0
BRDA:16,0,1,0
BRF:2
BRH:0
end_of_record
TN:
SF:src/domain/entities/Exercise.ts
FN:11,(anonymous_0)
FN:21,(anonymous_1)
FN:22,(anonymous_2)
FN:23,(anonymous_3)
FN:24,(anonymous_4)
FN:26,(anonymous_5)
FNF:6
FNH:5
FNDA:5,(anonymous_0)
FNDA:1,(anonymous_1)
FNDA:2,(anonymous_2)
FNDA:2,(anonymous_3)
FNDA:1,(anonymous_4)
FNDA:0,(anonymous_5)
DA:12,5
DA:13,1
DA:15,4
DA:16,1
DA:18,3
DA:21,1
DA:22,2
DA:23,2
DA:24,1
DA:27,0
LF:10
LH:9
BRDA:12,0,0,1
BRDA:12,0,1,4
BRDA:12,1,0,5
BRDA:12,1,1,4
BRDA:15,2,0,1
BRDA:15,2,1,3
BRDA:15,3,0,4
BRDA:15,3,1,4
BRF:8
BRH:8
end_of_record
TN:
SF:src/domain/entities/UserProfile.ts
FN:16,(anonymous_0)
FN:27,(anonymous_1)
FN:35,(anonymous_2)
FNF:3
FNH:2
FNDA:12,(anonymous_0)
FNDA:2,(anonymous_1)
FNDA:0,(anonymous_2)
DA:17,12
DA:18,2
DA:20,10
DA:21,10
DA:22,10
DA:23,10
DA:24,10
DA:28,2
DA:29,1
DA:31,1
DA:32,1
DA:36,0
LF:12
LH:11
BRDA:17,0,0,2
BRDA:17,0,1,10
BRDA:17,1,0,12
BRDA:17,1,1,11
BRDA:23,2,0,10
BRDA:23,2,1,10
BRDA:24,3,0,10
BRDA:24,3,1,10
BRDA:28,4,0,1
BRDA:28,4,1,1
BRDA:28,5,0,2
BRDA:28,5,1,2
BRF:12
BRH:12
end_of_record
TN:
SF:src/domain/entities/Workout.ts
FN:26,(anonymous_0)
FN:35,(anonymous_1)
FN:36,(anonymous_2)
FN:37,(anonymous_3)
FN:38,(anonymous_4)
FN:39,(anonymous_5)
FN:40,(anonymous_6)
FN:41,(anonymous_7)
FN:43,(anonymous_8)
FN:50,(anonymous_9)
FN:54,(anonymous_10)
FNF:11
FNH:9
FNDA:8,(anonymous_0)
FNDA:2,(anonymous_1)
FNDA:1,(anonymous_2)
FNDA:0,(anonymous_3)
FNDA:4,(anonymous_4)
FNDA:3,(anonymous_5)
FNDA:2,(anonymous_6)
FNDA:1,(anonymous_7)
FNDA:2,(anonymous_8)
FNDA:2,(anonymous_9)
FNDA:0,(anonymous_10)
DA:27,8
DA:28,8
DA:35,2
DA:36,1
DA:37,0
DA:38,4
DA:39,3
DA:40,2
DA:41,1
DA:44,2
DA:45,2
DA:46,2
DA:47,2
DA:51,2
DA:55,0
LF:15
LH:13
BRDA:27,0,0,0
BRDA:27,0,1,8
BRDA:30,1,0,8
BRDA:30,1,1,0
BRDA:31,2,0,8
BRDA:31,2,1,0
BRF:6
BRH:3
end_of_record
TN:
SF:src/domain/entities/WorkoutExercise.ts
FN:21,(anonymous_0)
FN:32,(anonymous_1)
FN:33,(anonymous_2)
FN:34,(anonymous_3)
FN:35,(anonymous_4)
FN:36,(anonymous_5)
FN:37,(anonymous_6)
FN:38,(anonymous_7)
FN:39,(anonymous_8)
FN:41,(anonymous_9)
FN:46,(anonymous_10)
FN:56,(anonymous_11)
FNF:12
FNH:6
FNDA:5,(anonymous_0)
FNDA:0,(anonymous_1)
FNDA:0,(anonymous_2)
FNDA:0,(anonymous_3)
FNDA:1,(anonymous_4)
FNDA:0,(anonymous_5)
FNDA:1,(anonymous_6)
FNDA:1,(anonymous_7)
FNDA:2,(anonymous_8)
FNDA:1,(anonymous_9)
FNDA:0,(anonymous_10)
FNDA:0,(anonymous_11)
DA:22,5
DA:23,4
DA:24,4
DA:26,3
DA:32,0
DA:33,0
DA:34,0
DA:35,1
DA:36,0
DA:37,1
DA:38,1
DA:39,2
DA:42,1
DA:43,1
DA:47,0
DA:48,0
DA:49,0
DA:50,0
DA:51,0
DA:52,0
DA:53,0
DA:57,0
LF:22
LH:10
BRDA:22,0,0,1
BRDA:22,0,1,4
BRDA:23,1,0,0
BRDA:23,1,1,4
BRDA:24,2,0,1
BRDA:24,2,1,3
BRDA:28,3,0,3
BRDA:28,3,1,0
BRDA:47,4,0,0
BRDA:47,4,1,0
BRDA:48,5,0,0
BRDA:48,5,1,0
BRDA:49,6,0,0
BRDA:49,6,1,0
BRDA:53,7,0,0
BRDA:53,7,1,0
BRF:16
BRH:6
end_of_record
TN:
SF:src/domain/repositories/IExerciseRepository.ts
FNF:0
FNH:0
LF:0
LH:0
BRF:0
BRH:0
end_of_record
TN:
SF:src/domain/repositories/IUserProfileRepository.ts
FNF:0
FNH:0
LF:0
LH:0
BRF:0
BRH:0
end_of_record
TN:
SF:src/domain/repositories/IWorkoutExerciseRepository.ts
FNF:0
FNH:0
LF:0
LH:0
BRF:0
BRH:0
end_of_record
TN:
SF:src/domain/repositories/IWorkoutRepository.ts
FNF:0
FNH:0
LF:0
LH:0
BRF:0
BRH:0
end_of_record
TN:
SF:src/infrastructure/api/supabase.ts
FN:7,isValidUrl
FNF:1
FNH:0
FNDA:0,isValidUrl
DA:4,0
DA:5,0
DA:8,0
DA:9,0
DA:10,0
DA:12,0
DA:16,0
DA:18,0
DA:19,0
DA:25,0
LF:10
LH:0
BRDA:4,0,0,0
BRDA:4,0,1,0
BRDA:5,1,0,0
BRDA:5,1,1,0
BRDA:18,2,0,0
BRDA:18,2,1,0
BRDA:26,3,0,0
BRDA:26,3,1,0
BRDA:27,4,0,0
BRDA:27,4,1,0
BRF:10
BRH:0
end_of_record
TN:
SF:src/infrastructure/database/sqlite.ts
FN:7,initializeDatabase
FN:87,getDatabase
FNF:2
FNH:2
FNDA:2,initializeDatabase
FNDA:4,getDatabase
DA:3,2
DA:5,2
DA:8,2
DA:9,2
DA:12,2
DA:15,0
DA:25,0
DA:40,0
DA:57,0
DA:68,0
DA:72,0
DA:73,0
DA:74,0
DA:81,0
DA:82,0
DA:84,0
DA:88,4
DA:90,2
LF:18
LH:7
BRDA:88,0,0,2
BRDA:88,0,1,2
BRF:2
BRH:2
end_of_record
TN:
SF:src/infrastructure/repositories/SQLiteExerciseRepository.ts
FN:6,(anonymous_0)
FN:9,(anonymous_1)
FN:12,(anonymous_2)
FN:22,(anonymous_3)
FNF:4
FNH:2
FNDA:1,(anonymous_0)
FNDA:0,(anonymous_1)
FNDA:1,(anonymous_2)
FNDA:0,(anonymous_3)
DA:7,1
DA:8,0
DA:9,0
DA:13,1
DA:14,1
DA:15,1
DA:23,0
DA:24,0
DA:25,0
LF:9
LH:4
BRDA:17,0,0,1
BRDA:17,0,1,1
BRDA:25,1,0,0
BRDA:25,1,1,0
BRF:4
BRH:2
end_of_record
TN:
SF:src/infrastructure/repositories/SQLiteUserProfileRepository.ts
FN:6,(anonymous_0)
FN:16,(anonymous_1)
FN:26,(anonymous_2)
FNF:3
FNH:0
FNDA:0,(anonymous_0)
FNDA:0,(anonymous_1)
FNDA:0,(anonymous_2)
DA:7,0
DA:8,0
DA:9,0
DA:17,0
DA:18,0
DA:22,0
DA:23,0
DA:27,0
DA:28,0
DA:29,0
LF:10
LH:0
BRDA:12,0,0,0
BRDA:12,0,1,0
BRDA:12,1,0,0
BRDA:12,1,1,0
BRDA:12,2,0,0
BRDA:12,2,1,0
BRDA:22,3,0,0
BRDA:22,3,1,0
BRDA:31,4,0,0
BRDA:31,4,1,0
BRF:10
BRH:0
end_of_record
TN:
SF:src/infrastructure/repositories/SQLiteWorkoutExerciseRepository.ts
FN:6,(anonymous_0)
FN:15,(anonymous_1)
FN:24,(anonymous_2)
FN:30,(anonymous_3)
FN:33,(anonymous_4)
FN:38,(anonymous_5)
FN:41,(anonymous_6)
FN:44,(anonymous_7)
FNF:8
FNH:0
FNDA:0,(anonymous_0)
FNDA:0,(anonymous_1)
FNDA:0,(anonymous_2)
FNDA:0,(anonymous_3)
FNDA:0,(anonymous_4)
FNDA:0,(anonymous_5)
FNDA:0,(anonymous_6)
FNDA:0,(anonymous_7)
DA:7,0
DA:8,0
DA:9,0
DA:16,0
DA:17,0
DA:21,0
DA:25,0
DA:26,0
DA:30,0
DA:34,0
DA:35,0
DA:39,0
DA:40,0
DA:41,0
DA:45,0
DA:46,0
DA:47,0
LF:17
LH:0
BRDA:11,0,0,0
BRDA:11,0,1,0
BRDA:21,1,0,0
BRDA:21,1,1,0
BRDA:49,2,0,0
BRDA:49,2,1,0
BRF:6
BRH:0
end_of_record
TN:
SF:src/infrastructure/repositories/SQLiteWorkoutRepository.ts
FN:6,(anonymous_0)
FN:15,(anonymous_1)
FN:24,(anonymous_2)
FN:30,(anonymous_3)
FN:39,(anonymous_4)
FN:45,(anonymous_5)
FN:48,(anonymous_6)
FN:51,(anonymous_7)
FNF:8
FNH:2
FNDA:1,(anonymous_0)
FNDA:0,(anonymous_1)
FNDA:0,(anonymous_2)
FNDA:1,(anonymous_3)
FNDA:0,(anonymous_4)
FNDA:0,(anonymous_5)
FNDA:0,(anonymous_6)
FNDA:0,(anonymous_7)
DA:7,1
DA:8,0
DA:9,0
DA:16,0
DA:17,0
DA:18,0
DA:25,0
DA:26,0
DA:27,0
DA:31,1
DA:32,1
DA:36,1
DA:40,0
DA:41,0
DA:45,0
DA:49,0
DA:50,0
DA:51,0
LF:18
LH:4
BRDA:11,0,0,0
BRDA:11,0,1,0
BRDA:11,1,0,0
BRDA:11,1,1,0
BRDA:20,2,0,0
BRDA:20,2,1,0
BRDA:20,3,0,0
BRDA:20,3,1,0
BRDA:27,4,0,0
BRDA:27,4,1,0
BRDA:36,5,0,0
BRDA:36,5,1,1
BRF:12
BRH:1
end_of_record
TN:
SF:src/infrastructure/repositories/SupabaseExerciseRepository.ts
FN:6,(anonymous_0)
FN:9,(anonymous_1)
FN:12,(anonymous_2)
FN:16,(anonymous_3)
FNF:4
FNH:0
FNDA:0,(anonymous_0)
FNDA:0,(anonymous_1)
FNDA:0,(anonymous_2)
FNDA:0,(anonymous_3)
DA:7,0
DA:8,0
DA:9,0
DA:13,0
DA:17,0
DA:18,0
DA:19,0
LF:7
LH:0
BRDA:8,0,0,0
BRDA:8,0,1,0
BRDA:9,1,0,0
BRDA:9,1,1,0
BRDA:18,2,0,0
BRDA:18,2,1,0
BRF:6
BRH:0
end_of_record
TN:
SF:src/infrastructure/repositories/SupabaseUserProfileRepository.ts
FN:6,(anonymous_0)
FN:17,(anonymous_1)
FN:27,(anonymous_2)
FNF:3
FNH:0
FNDA:0,(anonymous_0)
FNDA:0,(anonymous_1)
FNDA:0,(anonymous_2)
DA:7,0
DA:8,0
DA:14,0
DA:18,0
DA:23,0
DA:24,0
DA:28,0
LF:7
LH:0
BRDA:11,0,0,0
BRDA:11,0,1,0
BRDA:14,1,0,0
BRDA:14,1,1,0
BRDA:23,2,0,0
BRDA:23,2,1,0
BRDA:23,3,0,0
BRDA:23,3,1,0
BRF:8
BRH:0
end_of_record
TN:
SF:src/infrastructure/repositories/SupabaseWorkoutExerciseRepository.ts
FN:6,(anonymous_0)
FN:20,(anonymous_1)
FN:30,(anonymous_2)
FN:37,(anonymous_3)
FN:40,(anonymous_4)
FN:45,(anonymous_5)
FN:49,(anonymous_6)
FNF:7
FNH:0
FNDA:0,(anonymous_0)
FNDA:0,(anonymous_1)
FNDA:0,(anonymous_2)
FNDA:0,(anonymous_3)
FNDA:0,(anonymous_4)
FNDA:0,(anonymous_5)
FNDA:0,(anonymous_6)
DA:7,0
DA:8,0
DA:17,0
DA:21,0
DA:26,0
DA:27,0
DA:31,0
DA:36,0
DA:37,0
DA:41,0
DA:42,0
DA:46,0
DA:50,0
LF:13
LH:0
BRDA:17,0,0,0
BRDA:17,0,1,0
BRDA:26,1,0,0
BRDA:26,1,1,0
BRDA:26,2,0,0
BRDA:26,2,1,0
BRDA:36,3,0,0
BRDA:36,3,1,0
BRDA:37,4,0,0
BRDA:37,4,1,0
BRDA:42,5,0,0
BRDA:42,5,1,0
BRF:12
BRH:0
end_of_record
TN:
SF:src/infrastructure/repositories/SupabaseWorkoutRepository.ts
FN:6,(anonymous_0)
FN:20,(anonymous_1)
FN:24,(anonymous_2)
FN:30,(anonymous_3)
FN:43,(anonymous_4)
FN:52,(anonymous_5)
FN:55,(anonymous_6)
FNF:7
FNH:0
FNDA:0,(anonymous_0)
FNDA:0,(anonymous_1)
FNDA:0,(anonymous_2)
FNDA:0,(anonymous_3)
FNDA:0,(anonymous_4)
FNDA:0,(anonymous_5)
FNDA:0,(anonymous_6)
DA:7,0
DA:8,0
DA:17,0
DA:21,0
DA:25,0
DA:26,0
DA:27,0
DA:31,0
DA:39,0
DA:40,0
DA:44,0
DA:51,0
DA:52,0
DA:56,0
LF:14
LH:0
BRDA:17,0,0,0
BRDA:17,0,1,0
BRDA:26,1,0,0
BRDA:26,1,1,0
BRDA:39,2,0,0
BRDA:39,2,1,0
BRDA:51,3,0,0
BRDA:51,3,1,0
BRDA:52,4,0,0
BRDA:52,4,1,0
BRF:10
BRH:0
end_of_record
TN:
SF:src/infrastructure/services/LocationService.ts
FN:8,(anonymous_0)
FNF:1
FNH:0
FNDA:0,(anonymous_0)
DA:9,0
DA:10,0
DA:11,0
DA:12,0
DA:13,0
DA:14,0
DA:15,0
DA:18,0
DA:19,0
DA:22,0
DA:24,0
DA:29,0
DA:30,0
LF:13
LH:0
BRDA:13,0,0,0
BRDA:13,0,1,0
BRF:2
BRH:0
end_of_record
TN:
SF:src/infrastructure/services/MediaService.ts
FN:12,(anonymous_0)
FN:19,(anonymous_1)
FN:44,(anonymous_2)
FNF:3
FNH:1
FNDA:0,(anonymous_0)
FNDA:0,(anonymous_1)
FNDA:3,(anonymous_2)
DA:13,0
DA:14,0
DA:15,0
DA:16,0
DA:20,0
DA:21,0
DA:25,0
DA:31,0
DA:33,0
DA:37,0
DA:39,0
DA:40,0
DA:45,3
DA:46,3
DA:50,3
DA:52,3
DA:59,3
DA:61,2
DA:66,2
DA:68,1
DA:69,1
LF:21
LH:9
BRDA:31,0,0,0
BRDA:31,0,1,0
BRDA:59,1,0,1
BRDA:59,1,1,2
BRF:4
BRH:2
end_of_record
TN:
SF:src/infrastructure/utils/generateUUID.ts
FN:4,generateUUID
FN:5,(anonymous_1)
FNF:2
FNH:2
FNDA:1,generateUUID
FNDA:31,(anonymous_1)
DA:5,1
DA:6,31
DA:7,31
DA:8,31
LF:4
LH:4
BRDA:7,0,0,30
BRDA:7,0,1,1
BRF:2
BRH:2
end_of_record
TN:
SF:src/presentation/components/AvatarPicker.tsx
FN:21,AvatarPicker
FN:29,showOptions
FN:39,(anonymous_2)
FN:43,(anonymous_3)
FN:48,openCamera
FN:52,openGallery
FN:75,handleCapture
FN:124,(anonymous_7)
FNF:8
FNH:3
FNDA:9,AvatarPicker
FNDA:5,showOptions
FNDA:0,(anonymous_2)
FNDA:0,(anonymous_3)
FNDA:0,openCamera
FNDA:2,openGallery
FNDA:0,handleCapture
FNDA:0,(anonymous_7)
DA:27,9
DA:30,5
DA:35,5
DA:36,1
DA:39,0
DA:43,5
DA:45,5
DA:49,0
DA:53,2
DA:54,2
DA:55,1
DA:60,1
DA:63,1
DA:70,1
DA:71,1
DA:76,0
DA:77,0
DA:80,9
DA:124,0
DA:131,1
LF:20
LH:15
BRDA:35,0,0,1
BRDA:35,0,1,4
BRDA:54,1,0,1
BRDA:54,1,1,1
BRDA:70,2,0,1
BRDA:70,2,1,0
BRDA:70,3,0,1
BRDA:70,3,1,1
BRDA:91,4,0,2
BRDA:91,4,1,7
BRDA:108,5,0,9
BRDA:108,5,1,2
BRDA:115,6,0,9
BRDA:115,6,1,7
BRF:14
BRH:13
end_of_record
TN:
SF:src/presentation/components/CameraModal.tsx
FN:12,CameraModal
FN:19,handleCapture
FN:46,(anonymous_2)
FN:46,(anonymous_3)
FNF:4
FNH:1
FNDA:9,CameraModal
FNDA:0,handleCapture
FNDA:0,(anonymous_2)
FNDA:0,(anonymous_3)
DA:13,9
DA:14,9
DA:15,9
DA:17,9
DA:20,0
DA:21,0
DA:22,0
DA:26,9
DA:46,0
DA:60,1
LF:10
LH:6
BRDA:17,0,0,0
BRDA:17,0,1,9
BRDA:20,1,0,0
BRDA:20,1,1,0
BRDA:22,2,0,0
BRDA:22,2,1,0
BRDA:28,3,0,9
BRDA:28,3,1,0
BRDA:46,4,0,0
BRDA:46,4,1,0
BRF:10
BRH:2
end_of_record
TN:
SF:src/presentation/components/StepperInput.tsx
FN:14,StepperInput
FN:18,decrement
FN:23,increment
FN:28,handleEditEnd
FN:57,(anonymous_4)
FNF:5
FNH:0
FNDA:0,StepperInput
FNDA:0,decrement
FNDA:0,increment
FNDA:0,handleEditEnd
FNDA:0,(anonymous_4)
DA:15,0
DA:16,0
DA:19,0
DA:20,0
DA:24,0
DA:25,0
DA:29,0
DA:30,0
DA:31,0
DA:33,0
DA:35,0
DA:38,0
DA:57,0
DA:70,0
LF:14
LH:0
BRDA:14,0,0,0
BRDA:14,1,0,0
BRDA:14,2,0,0
BRDA:30,3,0,0
BRDA:30,3,1,0
BRDA:46,4,0,0
BRDA:46,4,1,0
BRDA:58,5,0,0
BRDA:58,5,1,0
BRF:9
BRH:0
end_of_record
TN:
SF:src/presentation/contexts/DIContext.tsx
FN:64,createContainer
FN:122,DIProvider
FN:123,(anonymous_2)
FN:127,useDI
FNF:4
FNH:0
FNDA:0,createContainer
FNDA:0,DIProvider
FNDA:0,(anonymous_2)
FNDA:0,useDI
DA:66,0
DA:67,0
DA:68,0
DA:69,0
DA:72,0
DA:73,0
DA:74,0
DA:75,0
DA:78,0
DA:79,0
DA:82,0
DA:83,0
DA:84,0
DA:85,0
DA:86,0
DA:87,0
DA:88,0
DA:89,0
DA:90,0
DA:92,0
DA:93,0
DA:94,0
DA:96,0
DA:120,0
DA:123,0
DA:124,0
DA:128,0
DA:129,0
DA:130,0
LF:29
LH:0
BRDA:129,0,0,0
BRDA:129,0,1,0
BRF:2
BRH:0
end_of_record
TN:
SF:src/presentation/hooks/useSyncWorker.ts
FN:7,useSyncWorker
FN:14,(anonymous_1)
FN:17,runSync
FN:26,(anonymous_3)
FN:33,(anonymous_4)
FNF:5
FNH:0
FNDA:0,useSyncWorker
FNDA:0,(anonymous_1)
FNDA:0,runSync
FNDA:0,(anonymous_3)
FNDA:0,(anonymous_4)
DA:5,0
DA:11,0
DA:12,0
DA:14,0
DA:15,0
DA:18,0
DA:19,0
DA:20,0
DA:22,0
DA:26,0
DA:27,0
DA:28,0
DA:31,0
DA:33,0
DA:34,0
DA:35,0
LF:16
LH:0
BRDA:15,0,0,0
BRDA:15,0,1,0
BRDA:18,1,0,0
BRDA:18,1,1,0
BRDA:27,2,0,0
BRDA:27,2,1,0
BRDA:28,3,0,0
BRDA:28,3,1,0
BRDA:35,4,0,0
BRDA:35,4,1,0
BRF:10
BRH:0
end_of_record
